-> request: /sso/ping
-> GET /sso/ping,200|1270ms
-> request: /sso/ping
-> GET /sso/ping,200|86ms
-> request: /sso/ping
-> GET /sso/ping,200|103ms
-> POST /sso/Authenticator
<- 200 POST /sso/Authenticator
-> POST /sso/Authenticator
<- 200 POST /sso/Authenticator
-> POST /sso/Dispatcher
<- 302 POST /sso/Dispatcher
-> request: /v1/api/sso/validate?gw=1
-> GET /v1/api/sso/validate?gw=1,200|284ms
-> request: /v1/api/one/user
-> request: /v1/api/ssodh/init
-> sso GET https://api.ibkr.com/v1/api/ssodh/init
-> GET /v1/api/one/user,200|151ms
-> request: /v1/api/ssodh/st
-> sso GET https://api.ibkr.com/v1/api/ssodh/st
-> request: /v1/api/iserver/auth/status
-> GET /v1/api/iserver/auth/status,200|85ms
-> request: /v1/api/iserver/auth/ssodh/init
-> POST https://api.ibkr.com/v1/api/iserver/auth/ssodh/init,200|132ms
-> request: /v1/api/iserver/accounts
-> GET /v1/api/iserver/accounts,200|67ms
-> request: /v1/api/tickle
-> GET /v1/api/tickle,200|100ms
-> request: /v1/api/tickle
-> GET /v1/api/tickle,200|100ms
-> request: /v1/api/tickle
-> GET /v1/api/tickle,200|94ms
-> request: /v1/api/tickle
-> GET /v1/api/tickle,200|124ms
-> GET /v1/api/iserver/auth/status
<- 200 GET /v1/api/iserver/auth/status
-> GET /v1/api/portfolio/accounts
<- 200 GET /v1/api/portfolio/accounts
-> request: /v1/api/tickle
-> GET /v1/api/tickle,200|107ms
-> GET /v1/api/iserver/secdef/search?symbol=NVDA
<- 200 GET /v1/api/iserver/secdef/search?symbol=NVDA
-> request: /v1/api/tickle
-> GET /v1/api/tickle,200|122ms
-> POST /v1/api/iserver/account/DUM174280/orders
<- 200 POST /v1/api/iserver/account/DUM174280/orders
-> request: /v1/api/tickle
-> GET /v1/api/tickle,200|103ms
-> request: /v1/api/tickle
-> GET /v1/api/tickle,200|91ms
-> request: /v1/api/tickle
-> GET /v1/api/tickle,200|86ms
-> request: /sso/ping
-> GET /sso/ping,200|92ms
-> request: /v1/api/tickle
-> GET /v1/api/tickle,200|84ms
-> request: /v1/api/tickle
-> GET /v1/api/tickle,200|128ms
-> request: /v1/api/tickle
-> GET /v1/api/tickle,200|81ms
-> request: /v1/api/tickle
-> GET /v1/api/tickle,200|72ms
-> request: /v1/api/tickle
-> GET /v1/api/tickle,200|80ms
-> request: /v1/api/tickle
-> GET /v1/api/tickle,200|118ms
-> request: /v1/api/tickle
-> GET /v1/api/tickle,200|87ms
-> request: /v1/api/tickle
-> GET /v1/api/tickle,200|174ms
-> request: /v1/api/tickle
-> GET /v1/api/tickle,200|102ms
-> request: /v1/api/tickle
-> GET /v1/api/tickle,200|93ms
-> request: /sso/ping
-> GET /sso/ping,200|78ms
-> request: /v1/api/tickle
-> GET /v1/api/tickle,200|79ms
-> request: /v1/api/tickle
-> GET /v1/api/tickle,200|93ms
-> request: /v1/api/tickle
-> GET /v1/api/tickle,200|82ms
-> request: /v1/api/tickle
-> GET /v1/api/tickle,200|78ms
-> request: /v1/api/tickle
-> GET /v1/api/tickle,200|80ms
-> request: /v1/api/tickle
-> GET /v1/api/tickle,200|99ms
-> request: /v1/api/tickle
-> GET /v1/api/tickle,200|175ms
-> request: /v1/api/tickle
-> GET /sso/Login?forwardTo=22&RL=1&ip2loc=US
-> GET /v1/api/tickle,401|121ms
-> request: /v1/api/sso/validate?gw=1
-> GET /v1/api/sso/validate?gw=1,401|95ms
<- 200 GET /sso/Login?forwardTo=22&RL=1&ip2loc=US
-> GET /css/bootstrap-5.2.2/bootstrap.min.css
-> GET /css/ibkr/theme-ibkr-portal.min.css
-> GET /css/fontawesome-6.4.2/all.min.css
-> GET /css/reg-am/login.min.css
-> GET /css/bootstrap-switch-3.3.2/bootstrap-switch.min.css
<- 200 GET /css/bootstrap-5.2.2/bootstrap.min.css
-> GET /scripts/common/js/jquery-3.7.0/jquery.min.js
<- 200 GET /css/ibkr/theme-ibkr-portal.min.css
-> GET /scripts/common/js/bootstrap-5.2.2/bootstrap.bundle.min.js
-> GET /sso/lib/xyz.bundle.min.js
<- 200 GET /scripts/common/js/jquery-3.7.0/jquery.min.js
<- 200 GET /css/fontawesome-6.4.2/all.min.css
<- 200 GET /scripts/common/js/bootstrap-5.2.2/bootstrap.bundle.min.js
<- 200 GET /css/reg-am/login.min.css
<- 200 GET /css/bootstrap-switch-3.3.2/bootstrap-switch.min.css
<- 200 GET /sso/lib/xyz.bundle.min.js
-> GET /images/common/logos/ibkr/interactive-brokers.svg
-> GET /fonts/proxima-nova/Proxima-Nova-Regular.woff2
-> GET /fonts/proxima-nova/Proxima-Nova-Semibold.woff2
-> GET /fonts/fontawesome-6.4.2/webfonts/fa-brands-400.woff2
-> GET /fonts/fontawesome-6.4.2/webfonts/fa-solid-900.woff2
-> POST /sso/report
<- 200 GET /fonts/proxima-nova/Proxima-Nova-Regular.woff2
-> POST /portal.proxy/v1/gstat/bulletins
<- 200 GET /fonts/fontawesome-6.4.2/webfonts/fa-brands-400.woff2
<- 200 GET /fonts/fontawesome-6.4.2/webfonts/fa-solid-900.woff2
<- 204 POST /portal.proxy/v1/gstat/bulletins
<- 200 GET /fonts/proxima-nova/Proxima-Nova-Semibold.woff2
<- 200 POST /sso/report
<- 200 GET /images/common/logos/ibkr/interactive-brokers.svg
-> GET /images/common/logos/ibkr/interactive-brokers-inverse.svg
<- 200 GET /images/common/logos/ibkr/interactive-brokers-inverse.svg
-> request: /v1/api/sso/validate?gw=1
-> GET /v1/api/sso/validate?gw=1,401|96ms
-> request: /v1/api/sso/validate?gw=1
-> GET /v1/api/sso/validate?gw=1,401|118ms
-> request: /v1/api/sso/validate?gw=1
-> GET /v1/api/sso/validate?gw=1,401|140ms
-> request: /v1/api/sso/validate?gw=1
-> GET /v1/api/sso/validate?gw=1,401|527ms
-> request: /sso/ping
-> GET /sso/ping,200|87ms
-> POST /sso/Authenticator
<- 200 POST /sso/Authenticator
-> POST /sso/Authenticator
<- 200 POST /sso/Authenticator
-> POST /sso/Dispatcher
<- 302 POST /sso/Dispatcher
-> request: /v1/api/sso/validate?gw=1
-> GET /v1/api/sso/validate?gw=1,200|126ms
-> request: /v1/api/one/user
-> request: /v1/api/ssodh/init
-> sso GET https://api.ibkr.com/v1/api/ssodh/init
-> GET /v1/api/one/user,200|419ms
-> request: /v1/api/ssodh/st
-> sso GET https://api.ibkr.com/v1/api/ssodh/st
-> request: /v1/api/iserver/auth/status
-> GET /v1/api/iserver/auth/status,200|91ms
-> request: /v1/api/iserver/auth/ssodh/init
-> POST https://api.ibkr.com/v1/api/iserver/auth/ssodh/init,200|235ms
-> request: /v1/api/iserver/accounts
-> GET /v1/api/iserver/accounts,200|80ms
-> request: /v1/api/tickle
-> GET /v1/api/tickle,200|83ms
-> GET /v1/api/iserver/accounts
<- 200 GET /v1/api/iserver/accounts
-> request: /v1/api/tickle
-> GET /v1/api/tickle,200|79ms
-> request: /v1/api/tickle
-> GET /v1/api/tickle,200|136ms
-> request: /v1/api/tickle
-> GET /v1/api/tickle,200|86ms
-> request: /v1/api/tickle
-> GET /v1/api/tickle,200|773ms
-> GET /v1/api/portfolio/DUM174280/summary
<- 200 GET /v1/api/portfolio/DUM174280/summary
-> GET /v1/api/trsrv/stocks?symbols=AAPL
<- 200 GET /v1/api/trsrv/stocks?symbols=AAPL
-> request: /v1/api/tickle
-> GET /v1/api/tickle,200|98ms
-> request: /v1/api/tickle
-> GET /v1/api/tickle,200|100ms
-> request: /v1/api/tickle
-> GET /v1/api/tickle,200|188ms
-> request: /v1/api/tickle
-> GET /v1/api/tickle,200|89ms
-> request: /sso/ping
-> GET /sso/ping,200|116ms
-> GET /v1/api/portfolio/DUM174280/summary
<- 200 GET /v1/api/portfolio/DUM174280/summary
-> GET /v1/api/trsrv/stocks?symbols=AAPL
<- 200 GET /v1/api/trsrv/stocks?symbols=AAPL
-> POST /v1/api/iserver/account/DUM174280/orders
<- 200 POST /v1/api/iserver/account/DUM174280/orders
-> GET /v1/api/trsrv/stocks?symbols=NVDA
<- 200 GET /v1/api/trsrv/stocks?symbols=NVDA
-> POST /v1/api/iserver/account/DUM174280/orders
<- 200 POST /v1/api/iserver/account/DUM174280/orders
-> GET /v1/api/trsrv/stocks?symbols=JPM
<- 200 GET /v1/api/trsrv/stocks?symbols=JPM
-> POST /v1/api/iserver/account/DUM174280/orders
<- 200 POST /v1/api/iserver/account/DUM174280/orders
-> request: /v1/api/tickle
-> GET /v1/api/tickle,200|89ms
-> request: /v1/api/tickle
-> GET /v1/api/tickle,200|85ms
-> GET /v1/api/portfolio/DUM174280/summary
<- 200 GET /v1/api/portfolio/DUM174280/summary
-> GET /v1/api/trsrv/stocks?symbols=AAPL
<- 200 GET /v1/api/trsrv/stocks?symbols=AAPL
-> POST /v1/api/iserver/account/DUM174280/orders
<- 200 POST /v1/api/iserver/account/DUM174280/orders
-> POST /v1/api/iserver/reply/d50eb379-1abc-4eeb-bdf0-7d4954853a4d
<- 200 POST /v1/api/iserver/reply/d50eb379-1abc-4eeb-bdf0-7d4954853a4d
-> GET /v1/api/trsrv/stocks?symbols=NVDA
<- 200 GET /v1/api/trsrv/stocks?symbols=NVDA
-> POST /v1/api/iserver/account/DUM174280/orders
<- 200 POST /v1/api/iserver/account/DUM174280/orders
-> POST /v1/api/iserver/reply/aab65c4e-0bd9-4ed6-9dba-ac0301d125fa
<- 200 POST /v1/api/iserver/reply/aab65c4e-0bd9-4ed6-9dba-ac0301d125fa
-> GET /v1/api/trsrv/stocks?symbols=JPM
<- 200 GET /v1/api/trsrv/stocks?symbols=JPM
-> POST /v1/api/iserver/account/DUM174280/orders
<- 200 POST /v1/api/iserver/account/DUM174280/orders
-> POST /v1/api/iserver/reply/2753307b-094e-4320-bb77-3dbe23abaaf1
<- 200 POST /v1/api/iserver/reply/2753307b-094e-4320-bb77-3dbe23abaaf1
-> request: /v1/api/tickle
-> GET /v1/api/tickle,200|85ms
-> GET /v1/api/portfolio/DUM174280/summary
<- 200 GET /v1/api/portfolio/DUM174280/summary
-> GET /v1/api/trsrv/stocks?symbols=AAPL
<- 200 GET /v1/api/trsrv/stocks?symbols=AAPL
-> POST /v1/api/iserver/account/DUM174280/orders
<- 200 POST /v1/api/iserver/account/DUM174280/orders
-> GET /v1/api/trsrv/stocks?symbols=NVDA
<- 200 GET /v1/api/trsrv/stocks?symbols=NVDA
-> POST /v1/api/iserver/account/DUM174280/orders
<- 200 POST /v1/api/iserver/account/DUM174280/orders
-> POST /v1/api/iserver/reply/10fd56d6-6f9d-4721-986c-341a8223d41f
<- 200 POST /v1/api/iserver/reply/10fd56d6-6f9d-4721-986c-341a8223d41f
-> POST /v1/api/iserver/reply/d36ab51f-cf02-4e07-b379-36ff953c1488
<- 200 POST /v1/api/iserver/reply/d36ab51f-cf02-4e07-b379-36ff953c1488
-> GET /v1/api/trsrv/stocks?symbols=JPM
<- 200 GET /v1/api/trsrv/stocks?symbols=JPM
-> POST /v1/api/iserver/account/DUM174280/orders
<- 200 POST /v1/api/iserver/account/DUM174280/orders
-> POST /v1/api/iserver/reply/7fdb74b8-41b1-4380-a8ad-3b4b1d7ad6ca
<- 200 POST /v1/api/iserver/reply/7fdb74b8-41b1-4380-a8ad-3b4b1d7ad6ca
-> request: /v1/api/tickle
-> GET /v1/api/tickle,200|114ms
-> request: /v1/api/tickle
-> GET /v1/api/tickle,200|78ms
-> request: /v1/api/tickle
-> GET /v1/api/tickle,200|90ms
-> request: /v1/api/tickle
-> GET /v1/api/tickle,200|102ms
-> request: /v1/api/tickle
-> GET /v1/api/tickle,200|83ms
-> request: /v1/api/tickle
-> GET /v1/api/tickle,200|99ms
-> request: /v1/api/tickle
-> GET /v1/api/tickle,200|367ms
-> request: /sso/ping
-> GET /sso/ping,200|66ms
-> request: /v1/api/tickle
-> GET /v1/api/tickle,200|77ms
-> request: /v1/api/tickle
-> GET /v1/api/tickle,200|294ms
-> request: /v1/api/tickle
-> GET /v1/api/tickle,200|125ms
-> request: /v1/api/tickle
-> GET /v1/api/tickle,200|78ms
-> request: /v1/api/tickle
-> GET /v1/api/tickle,200|224ms
-> request: /v1/api/tickle
-> GET /v1/api/tickle,200|102ms
-> request: /v1/api/tickle
-> GET /v1/api/tickle,200|531ms
-> GET /v1/api/portfolio/DUM174280/summary
<- 200 GET /v1/api/portfolio/DUM174280/summary
-> GET /v1/api/portfolio/DUM174280/positions/0
<- 200 GET /v1/api/portfolio/DUM174280/positions/0
-> GET /v1/api/trsrv/stocks?symbols=AMD
<- 200 GET /v1/api/trsrv/stocks?symbols=AMD
-> POST /v1/api/iserver/account/DUM174280/orders
<- 400 POST /v1/api/iserver/account/DUM174280/orders
-> GET /v1/api/trsrv/stocks?symbols=AVGO
<- 200 GET /v1/api/trsrv/stocks?symbols=AVGO
-> POST /v1/api/iserver/account/DUM174280/orders
<- 400 POST /v1/api/iserver/account/DUM174280/orders
-> GET /v1/api/trsrv/stocks?symbols=MS
<- 200 GET /v1/api/trsrv/stocks?symbols=MS
-> POST /v1/api/iserver/account/DUM174280/orders
<- 400 POST /v1/api/iserver/account/DUM174280/orders
-> GET /v1/api/trsrv/stocks?symbols=AMZN
<- 200 GET /v1/api/trsrv/stocks?symbols=AMZN
-> POST /v1/api/iserver/account/DUM174280/orders
<- 400 POST /v1/api/iserver/account/DUM174280/orders
-> GET /v1/api/trsrv/stocks?symbols=BAC
<- 200 GET /v1/api/trsrv/stocks?symbols=BAC
-> POST /v1/api/iserver/account/DUM174280/orders
<- 400 POST /v1/api/iserver/account/DUM174280/orders
-> GET /v1/api/trsrv/stocks?symbols=NKE
<- 200 GET /v1/api/trsrv/stocks?symbols=NKE
-> POST /v1/api/iserver/account/DUM174280/orders
<- 400 POST /v1/api/iserver/account/DUM174280/orders
-> GET /v1/api/trsrv/stocks?symbols=TMO
<- 200 GET /v1/api/trsrv/stocks?symbols=TMO
-> POST /v1/api/iserver/account/DUM174280/orders
<- 400 POST /v1/api/iserver/account/DUM174280/orders
-> GET /v1/api/trsrv/stocks?symbols=NFLX
<- 200 GET /v1/api/trsrv/stocks?symbols=NFLX
-> POST /v1/api/iserver/account/DUM174280/orders
<- 400 POST /v1/api/iserver/account/DUM174280/orders
-> GET /v1/api/trsrv/stocks?symbols=TXN
<- 200 GET /v1/api/trsrv/stocks?symbols=TXN
-> POST /v1/api/iserver/account/DUM174280/orders
<- 400 POST /v1/api/iserver/account/DUM174280/orders
-> GET /v1/api/trsrv/stocks?symbols=AXP
<- 200 GET /v1/api/trsrv/stocks?symbols=AXP
-> POST /v1/api/iserver/account/DUM174280/orders
<- 400 POST /v1/api/iserver/account/DUM174280/orders
-> request: /v1/api/tickle
-> GET /v1/api/tickle,200|147ms
-> request: /v1/api/tickle
-> GET /v1/api/tickle,200|85ms
-> GET /v1/api/portfolio/DUM174280/summary
<- 200 GET /v1/api/portfolio/DUM174280/summary
-> GET /v1/api/portfolio/DUM174280/positions/0
<- 200 GET /v1/api/portfolio/DUM174280/positions/0
-> GET /v1/api/trsrv/stocks?symbols=AMD
<- 200 GET /v1/api/trsrv/stocks?symbols=AMD
-> POST /v1/api/iserver/account/DUM174280/orders
<- 400 POST /v1/api/iserver/account/DUM174280/orders
-> GET /v1/api/trsrv/stocks?symbols=AVGO
<- 200 GET /v1/api/trsrv/stocks?symbols=AVGO
-> POST /v1/api/iserver/account/DUM174280/orders
<- 400 POST /v1/api/iserver/account/DUM174280/orders
-> GET /v1/api/trsrv/stocks?symbols=MS
<- 200 GET /v1/api/trsrv/stocks?symbols=MS
-> POST /v1/api/iserver/account/DUM174280/orders
<- 400 POST /v1/api/iserver/account/DUM174280/orders
-> GET /v1/api/trsrv/stocks?symbols=AMZN
<- 200 GET /v1/api/trsrv/stocks?symbols=AMZN
-> POST /v1/api/iserver/account/DUM174280/orders
<- 400 POST /v1/api/iserver/account/DUM174280/orders
-> GET /v1/api/trsrv/stocks?symbols=BAC
<- 200 GET /v1/api/trsrv/stocks?symbols=BAC
-> POST /v1/api/iserver/account/DUM174280/orders
<- 400 POST /v1/api/iserver/account/DUM174280/orders
-> GET /v1/api/trsrv/stocks?symbols=NKE
<- 200 GET /v1/api/trsrv/stocks?symbols=NKE
-> POST /v1/api/iserver/account/DUM174280/orders
<- 400 POST /v1/api/iserver/account/DUM174280/orders
-> GET /v1/api/trsrv/stocks?symbols=TMO
<- 200 GET /v1/api/trsrv/stocks?symbols=TMO
-> POST /v1/api/iserver/account/DUM174280/orders
<- 400 POST /v1/api/iserver/account/DUM174280/orders
-> GET /v1/api/trsrv/stocks?symbols=NFLX
<- 200 GET /v1/api/trsrv/stocks?symbols=NFLX
-> POST /v1/api/iserver/account/DUM174280/orders
<- 400 POST /v1/api/iserver/account/DUM174280/orders
-> GET /v1/api/trsrv/stocks?symbols=TXN
<- 200 GET /v1/api/trsrv/stocks?symbols=TXN
-> POST /v1/api/iserver/account/DUM174280/orders
<- 400 POST /v1/api/iserver/account/DUM174280/orders
-> GET /v1/api/trsrv/stocks?symbols=AXP
<- 200 GET /v1/api/trsrv/stocks?symbols=AXP
-> POST /v1/api/iserver/account/DUM174280/orders
<- 400 POST /v1/api/iserver/account/DUM174280/orders
-> request: /v1/api/tickle
-> GET /v1/api/tickle,200|197ms
-> request: /sso/ping
-> GET /sso/ping,200|74ms
-> request: /v1/api/tickle
-> GET /v1/api/tickle,200|111ms
-> request: /v1/api/tickle
-> GET /v1/api/tickle,200|178ms
-> GET /v1/api/iserver/accounts
<- 401 GET /v1/api/iserver/accounts
-> request: /v1/api/tickle
-> GET /v1/api/tickle,200|106ms
-> request: /v1/api/logout
-> GET /v1/api/logout,200|202ms
-> request: /v1/api/tickle
-> GET /v1/api/tickle,200|96ms
-> GET /sso/Login?forwardTo=22&RL=1&ip2loc=US
<- 200 GET /sso/Login?forwardTo=22&RL=1&ip2loc=US
-> GET /css/bootstrap-5.2.2/bootstrap.min.css
-> GET /css/ibkr/theme-ibkr-portal.min.css
-> GET /css/bootstrap-switch-3.3.2/bootstrap-switch.min.css
-> GET /css/reg-am/login.min.css
-> GET /css/fontawesome-6.4.2/all.min.css
-> GET /scripts/common/js/jquery-3.7.0/jquery.min.js
<- 200 GET /css/ibkr/theme-ibkr-portal.min.css
<- 200 GET /css/bootstrap-5.2.2/bootstrap.min.css
-> GET /scripts/common/js/bootstrap-5.2.2/bootstrap.bundle.min.js
<- 200 GET /css/reg-am/login.min.css
-> GET /sso/lib/xyz.bundle.min.js
<- 200 GET /css/fontawesome-6.4.2/all.min.css
<- 200 GET /scripts/common/js/jquery-3.7.0/jquery.min.js
<- 200 GET /scripts/common/js/bootstrap-5.2.2/bootstrap.bundle.min.js
<- 200 GET /css/bootstrap-switch-3.3.2/bootstrap-switch.min.css
<- 200 GET /sso/lib/xyz.bundle.min.js
-> GET /images/common/logos/ibkr/interactive-brokers.svg
-> GET /fonts/proxima-nova/Proxima-Nova-Regular.woff2
-> GET /fonts/proxima-nova/Proxima-Nova-Semibold.woff2
-> GET /fonts/fontawesome-6.4.2/webfonts/fa-solid-900.woff2
-> GET /fonts/fontawesome-6.4.2/webfonts/fa-brands-400.woff2
-> POST /sso/report
<- 200 GET /fonts/proxima-nova/Proxima-Nova-Regular.woff2
<- 200 GET /fonts/fontawesome-6.4.2/webfonts/fa-solid-900.woff2
-> POST /portal.proxy/v1/gstat/bulletins
<- 200 GET /images/common/logos/ibkr/interactive-brokers.svg
<- 200 GET /fonts/proxima-nova/Proxima-Nova-Semibold.woff2
<- 200 GET /fonts/fontawesome-6.4.2/webfonts/fa-brands-400.woff2
<- 200 POST /sso/report
<- 204 POST /portal.proxy/v1/gstat/bulletins
-> GET /images/common/logos/ibkr/interactive-brokers-inverse.svg
<- 200 GET /images/common/logos/ibkr/interactive-brokers-inverse.svg
-> POST /sso/Authenticator
<- 200 POST /sso/Authenticator
-> POST /sso/Authenticator
<- 200 POST /sso/Authenticator
-> POST /sso/Dispatcher
<- 200 POST /sso/Dispatcher
-> GET /css/bootstrap-5.2.2/bootstrap.min.css
-> GET /css/fontawesome-6.4.2/all.min.css
-> GET /css/bootstrap-switch-3.3.2/bootstrap-switch.min.css
-> GET /css/reg-am/login.min.css
-> GET /css/ibkr/theme-ibkr-portal.min.css
-> GET /scripts/common/js/jquery-3.7.0/jquery.min.js
<- 200 GET /css/bootstrap-5.2.2/bootstrap.min.css
<- 304 GET /css/ibkr/theme-ibkr-portal.min.css
<- 200 GET /css/bootstrap-switch-3.3.2/bootstrap-switch.min.css
<- 304 GET /css/reg-am/login.min.css
-> GET /scripts/common/js/bootstrap-5.2.2/bootstrap.bundle.min.js
-> GET /sso/lib/xyz.bundle.min.js
<- 200 GET /css/fontawesome-6.4.2/all.min.css
<- 200 GET /scripts/common/js/bootstrap-5.2.2/bootstrap.bundle.min.js
<- 200 GET /scripts/common/js/jquery-3.7.0/jquery.min.js
<- 304 GET /sso/lib/xyz.bundle.min.js
-> GET /images/common/logos/ibkr/interactive-brokers.svg
-> GET /images/common/logos/ibkr/interactive-brokers-inverse.svg
-> POST /sso/report
-> GET /fonts/proxima-nova/Proxima-Nova-Regular.woff2
-> GET /fonts/fontawesome-6.4.2/webfonts/fa-brands-400.woff2
-> GET /fonts/proxima-nova/Proxima-Nova-Semibold.woff2
<- 200 GET /images/common/logos/ibkr/interactive-brokers.svg
-> GET /fonts/fontawesome-6.4.2/webfonts/fa-solid-900.woff2
<- 200 GET /images/common/logos/ibkr/interactive-brokers-inverse.svg
-> POST /portal.proxy/v1/gstat/bulletins
<- 200 GET /fonts/proxima-nova/Proxima-Nova-Regular.woff2
<- 200 GET /fonts/fontawesome-6.4.2/webfonts/fa-brands-400.woff2
<- 200 GET /fonts/proxima-nova/Proxima-Nova-Semibold.woff2
<- 200 POST /sso/report
<- 200 GET /fonts/fontawesome-6.4.2/webfonts/fa-solid-900.woff2
<- 204 POST /portal.proxy/v1/gstat/bulletins
-> request: /v1/api/tickle
-> GET /v1/api/tickle,401|166ms
-> request: /v1/api/sso/validate?gw=1
-> GET /v1/api/sso/validate?gw=1,401|173ms
-> request: /v1/api/sso/validate?gw=1
-> GET /v1/api/sso/validate?gw=1,401|140ms
-> request: /v1/api/sso/validate?gw=1
-> GET /v1/api/sso/validate?gw=1,401|143ms
-> request: /v1/api/sso/validate?gw=1
-> GET /v1/api/sso/validate?gw=1,401|104ms
-> request: /v1/api/sso/validate?gw=1
-> GET /v1/api/sso/validate?gw=1,401|90ms
-> POST /sso/Authenticator
<- 200 POST /sso/Authenticator
-> POST /sso/Authenticator
<- 200 POST /sso/Authenticator
-> POST /sso/Dispatcher
<- 302 POST /sso/Dispatcher
-> request: /v1/api/sso/validate?gw=1
-> GET /v1/api/sso/validate?gw=1,200|130ms
-> request: /v1/api/one/user
-> request: /v1/api/ssodh/init
-> sso GET https://api.ibkr.com/v1/api/ssodh/init
-> GET /v1/api/one/user,200|151ms
-> request: /v1/api/ssodh/st
-> sso GET https://api.ibkr.com/v1/api/ssodh/st
-> request: /v1/api/iserver/auth/status
-> GET /v1/api/iserver/auth/status,200|111ms
-> request: /v1/api/iserver/auth/ssodh/init
-> POST https://api.ibkr.com/v1/api/iserver/auth/ssodh/init,200|124ms
-> request: /v1/api/iserver/accounts
-> GET /v1/api/iserver/accounts,200|61ms
-> GET /v1/api/iserver/accounts
<- 200 GET /v1/api/iserver/accounts
-> request: /v1/api/tickle
-> GET /v1/api/tickle,200|98ms
-> request: /v1/api/tickle
-> GET /v1/api/tickle,200|91ms
-> request: /v1/api/tickle
-> GET /v1/api/tickle,200|171ms
-> request: /v1/api/tickle
-> GET /v1/api/tickle,200|72ms
-> POST /v1/api/tickle
<- 200 POST /v1/api/tickle
-> POST /v1/api/iserver/account
<- 200 POST /v1/api/iserver/account
-> POST /v1/api/iserver/account/DUM174280/orders
<- 200 POST /v1/api/iserver/account/DUM174280/orders
-> request: /v1/api/tickle
-> GET /v1/api/tickle,200|129ms
-> GET /v1/api/portfolio/DUM174280/summary
<- 200 GET /v1/api/portfolio/DUM174280/summary
-> GET /v1/api/portfolio/DUM174280/positions/0
<- 200 GET /v1/api/portfolio/DUM174280/positions/0
-> GET /v1/api/trsrv/stocks?symbols=AMD
<- 200 GET /v1/api/trsrv/stocks?symbols=AMD
-> POST /v1/api/iserver/account/DUM174280/orders
<- 200 POST /v1/api/iserver/account/DUM174280/orders
-> GET /v1/api/trsrv/stocks?symbols=AVGO
<- 200 GET /v1/api/trsrv/stocks?symbols=AVGO
-> POST /v1/api/iserver/account/DUM174280/orders
<- 200 POST /v1/api/iserver/account/DUM174280/orders
-> GET /v1/api/trsrv/stocks?symbols=MS
<- 200 GET /v1/api/trsrv/stocks?symbols=MS
-> POST /v1/api/iserver/account/DUM174280/orders
<- 200 POST /v1/api/iserver/account/DUM174280/orders
-> POST /v1/api/iserver/reply/351c379a-f1c9-43c5-9695-04fce5ec87ca
<- 200 POST /v1/api/iserver/reply/351c379a-f1c9-43c5-9695-04fce5ec87ca
-> GET /v1/api/trsrv/stocks?symbols=AMZN
<- 200 GET /v1/api/trsrv/stocks?symbols=AMZN
-> POST /v1/api/iserver/account/DUM174280/orders
<- 200 POST /v1/api/iserver/account/DUM174280/orders
-> GET /v1/api/trsrv/stocks?symbols=BAC
<- 200 GET /v1/api/trsrv/stocks?symbols=BAC
-> POST /v1/api/iserver/account/DUM174280/orders
<- 200 POST /v1/api/iserver/account/DUM174280/orders
-> POST /v1/api/iserver/reply/a03e0568-6a28-40d2-9eda-56810c37ddb9
<- 200 POST /v1/api/iserver/reply/a03e0568-6a28-40d2-9eda-56810c37ddb9
-> GET /v1/api/trsrv/stocks?symbols=NKE
<- 200 GET /v1/api/trsrv/stocks?symbols=NKE
-> POST /v1/api/iserver/account/DUM174280/orders
<- 200 POST /v1/api/iserver/account/DUM174280/orders
-> POST /v1/api/iserver/reply/60e35af1-f12d-4499-b0d0-92970ccbec5a
<- 200 POST /v1/api/iserver/reply/60e35af1-f12d-4499-b0d0-92970ccbec5a
-> GET /v1/api/trsrv/stocks?symbols=TMO
<- 200 GET /v1/api/trsrv/stocks?symbols=TMO
-> POST /v1/api/iserver/account/DUM174280/orders
<- 200 POST /v1/api/iserver/account/DUM174280/orders
-> GET /v1/api/trsrv/stocks?symbols=NFLX
<- 200 GET /v1/api/trsrv/stocks?symbols=NFLX
-> POST /v1/api/iserver/account/DUM174280/orders
<- 200 POST /v1/api/iserver/account/DUM174280/orders
-> POST /v1/api/iserver/reply/34b92105-1d46-4792-8ad1-0bd56643fed1
<- 200 POST /v1/api/iserver/reply/34b92105-1d46-4792-8ad1-0bd56643fed1
-> GET /v1/api/trsrv/stocks?symbols=TXN
<- 200 GET /v1/api/trsrv/stocks?symbols=TXN
-> POST /v1/api/iserver/account/DUM174280/orders
<- 200 POST /v1/api/iserver/account/DUM174280/orders
-> GET /v1/api/trsrv/stocks?symbols=AXP
<- 200 GET /v1/api/trsrv/stocks?symbols=AXP
-> POST /v1/api/iserver/account/DUM174280/orders
<- 200 POST /v1/api/iserver/account/DUM174280/orders
-> request: /v1/api/tickle
-> GET /v1/api/tickle,200|144ms
-> request: /v1/api/tickle
-> GET /v1/api/tickle,200|89ms
-> request: /v1/api/tickle
-> GET /v1/api/tickle,200|85ms
-> request: /v1/api/tickle
-> GET /v1/api/tickle,200|75ms
-> request: /sso/ping
-> GET /sso/ping,200|68ms
-> request: /v1/api/tickle
-> GET /v1/api/tickle,200|70ms
-> request: /v1/api/tickle
-> GET /v1/api/tickle,200|82ms
-> request: /v1/api/tickle
-> GET /v1/api/tickle,200|87ms
-> request: /v1/api/tickle
-> GET /v1/api/tickle,200|90ms
-> request: /v1/api/tickle
-> GET /v1/api/tickle,200|86ms
-> request: /v1/api/tickle
-> GET /v1/api/tickle,200|86ms
-> request: /v1/api/tickle
-> GET /v1/api/tickle,200|114ms
-> request: /v1/api/tickle
-> GET /v1/api/tickle,200|88ms
-> request: /v1/api/tickle
-> GET /v1/api/tickle,200|84ms
-> request: /v1/api/tickle
-> GET /v1/api/tickle,200|99ms
-> request: /sso/ping
-> GET /sso/ping,200|77ms
-> request: /v1/api/tickle
-> GET /v1/api/tickle,200|74ms
-> request: /v1/api/tickle
-> GET /v1/api/tickle,200|81ms
-> request: /v1/api/tickle
-> GET /v1/api/tickle,200|89ms
-> POST /v1/api/tickle
<- 200 POST /v1/api/tickle
-> POST /v1/api/iserver/account
<- 200 POST /v1/api/iserver/account
-> GET /v1/api/portfolio/DUM174280/positions/0
<- 200 GET /v1/api/portfolio/DUM174280/positions/0
-> GET /v1/api/trsrv/stocks?symbols=AMD
<- 200 GET /v1/api/trsrv/stocks?symbols=AMD
-> POST /v1/api/iserver/account/DUM174280/orders
<- 200 POST /v1/api/iserver/account/DUM174280/orders
-> GET /v1/api/trsrv/stocks?symbols=AVGO
<- 200 GET /v1/api/trsrv/stocks?symbols=AVGO
-> POST /v1/api/iserver/account/DUM174280/orders
<- 200 POST /v1/api/iserver/account/DUM174280/orders
-> GET /v1/api/trsrv/stocks?symbols=MS
<- 200 GET /v1/api/trsrv/stocks?symbols=MS
-> POST /v1/api/iserver/account/DUM174280/orders
<- 200 POST /v1/api/iserver/account/DUM174280/orders
-> GET /v1/api/trsrv/stocks?symbols=AMZN
<- 200 GET /v1/api/trsrv/stocks?symbols=AMZN
-> POST /v1/api/iserver/account/DUM174280/orders
<- 200 POST /v1/api/iserver/account/DUM174280/orders
-> GET /v1/api/trsrv/stocks?symbols=BAC
<- 200 GET /v1/api/trsrv/stocks?symbols=BAC
-> POST /v1/api/iserver/account/DUM174280/orders
<- 200 POST /v1/api/iserver/account/DUM174280/orders
-> GET /v1/api/trsrv/stocks?symbols=NKE
<- 200 GET /v1/api/trsrv/stocks?symbols=NKE
-> POST /v1/api/iserver/account/DUM174280/orders
<- 200 POST /v1/api/iserver/account/DUM174280/orders
-> request: /v1/api/tickle
-> GET /v1/api/tickle,200|76ms
-> request: /v1/api/tickle
-> GET /v1/api/tickle,200|73ms
-> request: /v1/api/tickle
-> GET /v1/api/tickle,200|89ms
-> request: /v1/api/tickle
-> GET /v1/api/tickle,200|81ms
-> request: /v1/api/tickle
-> GET /v1/api/tickle,200|81ms
-> request: /v1/api/tickle
-> GET /v1/api/tickle,200|89ms
-> request: /v1/api/tickle
-> GET /v1/api/tickle,200|8871ms
-> request: /sso/ping
-> GET /sso/ping,200|241ms
-> request: /v1/api/tickle
-> GET /v1/api/tickle,200|90ms
-> request: /v1/api/tickle
-> GET /v1/api/tickle,200|83ms
-> request: /v1/api/tickle
-> GET /v1/api/tickle,200|81ms
-> request: /v1/api/tickle
-> GET /v1/api/tickle,200|89ms
-> request: /v1/api/tickle
-> GET /v1/api/tickle,200|77ms
-> request: /v1/api/tickle
-> GET /v1/api/tickle,200|81ms
-> POST /v1/api/tickle
<- 200 POST /v1/api/tickle
-> POST /v1/api/iserver/account
<- 200 POST /v1/api/iserver/account
-> GET /v1/api/trsrv/stocks?symbols=NVDA
<- 200 GET /v1/api/trsrv/stocks?symbols=NVDA
-> POST /v1/api/iserver/account/DUM174280/orders
<- 200 POST /v1/api/iserver/account/DUM174280/orders
-> GET /v1/api/trsrv/stocks?symbols=MSFT
<- 200 GET /v1/api/trsrv/stocks?symbols=MSFT
-> POST /v1/api/iserver/account/DUM174280/orders
<- 200 POST /v1/api/iserver/account/DUM174280/orders
-> GET /v1/api/trsrv/stocks?symbols=AVGO
<- 200 GET /v1/api/trsrv/stocks?symbols=AVGO
-> POST /v1/api/iserver/account/DUM174280/orders
<- 200 POST /v1/api/iserver/account/DUM174280/orders
-> GET /v1/api/trsrv/stocks?symbols=AMD
<- 200 GET /v1/api/trsrv/stocks?symbols=AMD
-> POST /v1/api/iserver/account/DUM174280/orders
<- 200 POST /v1/api/iserver/account/DUM174280/orders
-> GET /v1/api/trsrv/stocks?symbols=META
<- 200 GET /v1/api/trsrv/stocks?symbols=META
-> POST /v1/api/iserver/account/DUM174280/orders
<- 200 POST /v1/api/iserver/account/DUM174280/orders
-> GET /v1/api/trsrv/stocks?symbols=AMZN
<- 200 GET /v1/api/trsrv/stocks?symbols=AMZN
-> POST /v1/api/iserver/account/DUM174280/orders
<- 200 POST /v1/api/iserver/account/DUM174280/orders
-> GET /v1/api/trsrv/stocks?symbols=GOOGL
<- 200 GET /v1/api/trsrv/stocks?symbols=GOOGL
-> POST /v1/api/iserver/account/DUM174280/orders
<- 200 POST /v1/api/iserver/account/DUM174280/orders
-> GET /v1/api/trsrv/stocks?symbols=TSM
<- 200 GET /v1/api/trsrv/stocks?symbols=TSM
-> POST /v1/api/iserver/account/DUM174280/orders
<- 200 POST /v1/api/iserver/account/DUM174280/orders
-> GET /v1/api/trsrv/stocks?symbols=ARM
<- 200 GET /v1/api/trsrv/stocks?symbols=ARM
-> POST /v1/api/iserver/account/DUM174280/orders
<- 200 POST /v1/api/iserver/account/DUM174280/orders
-> GET /v1/api/trsrv/stocks?symbols=ORCL
<- 200 GET /v1/api/trsrv/stocks?symbols=ORCL
-> POST /v1/api/iserver/account/DUM174280/orders
<- 200 POST /v1/api/iserver/account/DUM174280/orders
-> request: /v1/api/tickle
-> GET /v1/api/tickle,200|79ms
-> request: /v1/api/tickle
-> GET /v1/api/tickle,200|75ms
-> request: /v1/api/tickle
-> GET /v1/api/tickle,200|95ms
-> request: /v1/api/tickle
-> GET /v1/api/tickle,200|88ms
-> request: /sso/ping
-> GET /sso/ping,200|164ms
-> request: /v1/api/tickle
-> GET /v1/api/tickle,200|67ms
-> request: /v1/api/tickle
-> GET /v1/api/tickle,200|78ms
-> request: /v1/api/tickle
-> GET /v1/api/tickle,200|97ms
-> request: /v1/api/tickle
-> GET /v1/api/tickle,200|69ms
-> request: /v1/api/tickle
-> GET /v1/api/tickle,200|91ms
-> request: /v1/api/tickle
-> GET /v1/api/tickle,200|81ms
-> request: /v1/api/tickle
-> GET /v1/api/tickle,200|86ms
-> request: /v1/api/tickle
-> GET /v1/api/tickle,200|119ms
-> request: /v1/api/tickle
-> GET /v1/api/tickle,200|287ms
-> request: /v1/api/tickle
-> GET /v1/api/tickle,200|80ms
-> request: /sso/ping
-> GET /sso/ping,200|75ms
-> request: /v1/api/tickle
-> GET /v1/api/tickle,200|67ms
-> request: /v1/api/tickle
-> GET /v1/api/tickle,200|73ms
-> request: /v1/api/tickle
-> GET /v1/api/tickle,200|969ms
-> request: /v1/api/tickle
-> GET /v1/api/tickle,200|99ms
-> request: /v1/api/tickle
-> GET /v1/api/tickle,200|87ms
-> request: /v1/api/tickle
-> GET /v1/api/tickle,200|80ms
-> request: /v1/api/tickle
-> GET /v1/api/tickle,200|127ms
-> request: /v1/api/tickle
-> GET /v1/api/tickle,200|703ms
-> request: /v1/api/tickle
-> GET /v1/api/tickle,200|84ms
-> request: /v1/api/tickle
-> GET /v1/api/tickle,200|92ms
-> request: /sso/ping
-> GET /sso/ping,200|99ms
-> request: /v1/api/tickle
-> GET /v1/api/tickle,200|291ms
-> request: /v1/api/tickle
-> GET /v1/api/tickle,200|91ms
-> request: /v1/api/tickle
-> GET /v1/api/tickle,200|92ms
-> request: /v1/api/tickle
-> GET /v1/api/tickle,200|84ms
-> request: /v1/api/tickle
-> GET /v1/api/tickle,200|103ms
-> request: /v1/api/tickle
-> GET /v1/api/tickle,200|91ms
-> request: /v1/api/tickle
-> GET /v1/api/tickle,200|95ms
-> request: /v1/api/tickle
-> GET /v1/api/tickle,200|96ms
-> request: /v1/api/tickle
-> GET /v1/api/tickle,200|87ms
-> request: /v1/api/tickle
-> GET /v1/api/tickle,200|87ms
-> request: /sso/ping
-> GET /sso/ping,200|95ms
-> request: /v1/api/tickle
-> GET /v1/api/tickle,200|77ms
-> request: /v1/api/tickle
-> GET /v1/api/tickle,200|97ms
-> request: /v1/api/tickle
-> GET /v1/api/tickle,200|69ms
-> request: /v1/api/tickle
-> GET /v1/api/tickle,200|80ms
-> request: /v1/api/tickle
-> GET /v1/api/tickle,200|86ms
-> request: /v1/api/tickle
-> GET /v1/api/tickle,200|94ms
-> request: /v1/api/tickle
-> GET /v1/api/tickle,200|102ms
-> request: /v1/api/tickle
-> GET /v1/api/tickle,200|124ms
-> request: /v1/api/tickle
-> GET /v1/api/tickle,200|88ms
-> request: /v1/api/tickle
-> GET /v1/api/tickle,200|86ms
-> request: /sso/ping
-> GET /sso/ping,200|73ms
-> request: /v1/api/tickle
-> GET /v1/api/tickle,200|151ms
-> request: /v1/api/tickle
-> GET /v1/api/tickle,200|77ms
-> request: /v1/api/tickle
-> GET /v1/api/tickle,200|380ms
-> request: /v1/api/tickle
-> GET /v1/api/tickle,200|93ms
-> request: /v1/api/tickle
-> GET /v1/api/tickle,200|98ms
-> request: /v1/api/tickle
-> GET /v1/api/tickle,200|103ms
-> request: /v1/api/tickle
-> GET /v1/api/tickle,200|95ms
-> request: /v1/api/tickle
-> GET /v1/api/tickle,200|103ms
-> request: /v1/api/tickle
-> GET /v1/api/tickle,200|76ms
-> request: /v1/api/tickle
-> GET /v1/api/tickle,200|77ms
-> request: /sso/ping
-> GET /sso/ping,200|73ms
-> request: /v1/api/tickle
-> GET /v1/api/tickle,200|71ms
-> request: /v1/api/tickle
-> GET /v1/api/tickle,200|76ms
-> request: /v1/api/tickle
-> GET /v1/api/tickle,200|87ms
-> request: /v1/api/tickle
-> GET /v1/api/tickle,200|84ms
-> request: /v1/api/tickle
-> GET /v1/api/tickle,200|101ms
-> request: /v1/api/tickle
-> GET /v1/api/tickle,200|77ms
-> request: /v1/api/tickle
-> GET /v1/api/tickle,200|88ms
-> request: /v1/api/tickle
-> GET /v1/api/tickle,200|83ms
-> request: /v1/api/tickle
-> GET /v1/api/tickle,200|115ms
-> request: /v1/api/tickle
-> GET /v1/api/tickle,200|120ms
-> request: /sso/ping
-> GET /sso/ping,200|644ms
-> request: /v1/api/tickle
-> GET /v1/api/tickle,200|82ms
-> request: /v1/api/tickle
-> GET /v1/api/tickle,200|90ms
-> request: /v1/api/tickle
-> GET /v1/api/tickle,200|89ms
-> request: /v1/api/tickle
-> GET /v1/api/tickle,200|100ms
-> request: /v1/api/tickle
-> GET /v1/api/tickle,200|74ms
-> request: /v1/api/tickle
-> GET /v1/api/tickle,200|110ms
-> request: /v1/api/tickle
-> GET /v1/api/tickle,200|89ms
-> request: /v1/api/tickle
-> GET /v1/api/tickle,200|101ms
-> request: /v1/api/tickle
-> GET /v1/api/tickle,200|181ms
-> request: /v1/api/tickle
-> GET /v1/api/tickle,200|80ms
-> request: /sso/ping
-> GET /sso/ping,200|87ms
-> request: /v1/api/tickle
-> GET /v1/api/tickle,200|83ms
-> request: /v1/api/tickle
-> GET /v1/api/tickle,200|85ms
-> request: /v1/api/tickle
-> GET /v1/api/tickle,200|91ms
-> request: /v1/api/tickle
-> GET /v1/api/tickle,200|368ms
-> request: /v1/api/tickle
-> GET /v1/api/tickle,200|86ms
-> request: /v1/api/tickle
-> GET /v1/api/tickle,200|90ms
-> request: /v1/api/tickle
-> GET /v1/api/tickle,200|79ms
-> request: /v1/api/tickle
-> GET /v1/api/tickle,200|88ms
-> request: /v1/api/tickle
-> GET /v1/api/tickle,200|82ms
-> request: /v1/api/tickle
-> GET /v1/api/tickle,200|121ms
-> POST /v1/api/tickle
<- 200 POST /v1/api/tickle
-> POST /v1/api/iserver/account
<- 401 POST /v1/api/iserver/account
-> request: /sso/ping
-> GET /sso/ping,200|70ms
-> request: /v1/api/tickle
-> GET /v1/api/tickle,200|78ms
-> request: /v1/api/logout
-> GET /v1/api/logout,200|74ms
-> GET /v1/api/portfolio/DUM174280/positions/0
<- 200 GET /v1/api/portfolio/DUM174280/positions/0
-> request: /v1/api/tickle
-> GET /v1/api/tickle,200|85ms
-> request: /v1/api/tickle
-> GET /v1/api/tickle,200|96ms
-> request: /v1/api/tickle
-> GET /v1/api/tickle,200|90ms
-> request: /v1/api/tickle
-> GET /v1/api/tickle,200|186ms
-> request: /v1/api/tickle
-> GET /v1/api/tickle,200|142ms
-> request: /v1/api/tickle
-> GET /v1/api/tickle,200|86ms
-> request: /v1/api/tickle
-> GET /v1/api/tickle,200|131ms
-> POST /v1/api/tickle
<- 200 POST /v1/api/tickle
-> POST /v1/api/iserver/account
<- 400 POST /v1/api/iserver/account
-> GET /v1/api/portfolio/DUM174280/positions/0
<- 200 GET /v1/api/portfolio/DUM174280/positions/0
-> request: /v1/api/tickle
-> GET /v1/api/tickle,200|90ms
-> request: /v1/api/tickle
-> GET /v1/api/tickle,200|230ms
-> request: /sso/ping
-> GET /sso/ping,200|91ms
-> request: /v1/api/tickle
-> GET /v1/api/tickle,200|85ms
-> request: /v1/api/tickle
-> GET /v1/api/tickle,200|86ms
-> request: /v1/api/tickle
-> GET /v1/api/tickle,200|89ms
-> request: /v1/api/tickle
-> GET /v1/api/tickle,200|91ms
-> request: /v1/api/tickle
-> request: /v1/api/tickle
-> request: /v1/api/tickle
-> request: /v1/api/tickle
-> GET /v1/api/tickle,200|528ms
-> request: /v1/api/tickle
-> GET /v1/api/tickle,200|97ms
-> request: /v1/api/tickle
-> GET /v1/api/tickle,200|131ms
-> request: /sso/ping
-> GET /sso/ping,200|83ms
-> request: /v1/api/tickle
-> GET /v1/api/tickle,200|92ms
-> request: /v1/api/tickle
-> GET /v1/api/tickle,200|81ms
-> request: /v1/api/tickle
-> GET /v1/api/tickle,200|79ms
-> request: /v1/api/tickle
-> GET /v1/api/tickle,200|85ms
-> request: /v1/api/tickle
-> GET /v1/api/tickle,200|131ms
-> request: /v1/api/tickle
-> GET /v1/api/tickle,200|96ms
-> request: /v1/api/tickle
-> GET /v1/api/tickle,200|105ms
-> request: /v1/api/tickle
-> GET /v1/api/tickle,200|83ms
-> request: /v1/api/tickle
-> GET /v1/api/tickle,200|87ms
-> POST /v1/api/tickle
<- 200 POST /v1/api/tickle
-> POST /v1/api/iserver/account
<- 400 POST /v1/api/iserver/account
-> GET /v1/api/portfolio/DUM174280/positions/0
<- 200 GET /v1/api/portfolio/DUM174280/positions/0
-> request: /v1/api/tickle
-> GET /v1/api/tickle,200|81ms
-> request: /sso/ping
-> GET /sso/ping,200|76ms
-> request: /v1/api/tickle
-> GET /v1/api/tickle,200|90ms
-> request: /v1/api/tickle
-> GET /v1/api/tickle,200|77ms
-> request: /v1/api/tickle
-> GET /v1/api/tickle,200|78ms
-> request: /v1/api/tickle
-> GET /v1/api/tickle,200|242ms
-> request: /v1/api/tickle
-> GET /v1/api/tickle,200|80ms
-> request: /v1/api/tickle
-> GET /v1/api/tickle,200|77ms
-> request: /v1/api/tickle
-> GET /v1/api/tickle,200|298ms
-> request: /v1/api/tickle
-> GET /v1/api/tickle,200|126ms
-> request: /v1/api/tickle
-> GET /v1/api/tickle,200|316ms
-> request: /v1/api/tickle
-> GET /v1/api/tickle,200|83ms
-> request: /sso/ping
-> GET /sso/ping,200|236ms
-> request: /v1/api/tickle
-> GET /v1/api/tickle,200|109ms
-> request: /v1/api/tickle
-> GET /v1/api/tickle,200|102ms
-> request: /v1/api/tickle
-> GET /v1/api/tickle,200|83ms
-> POST /v1/api/tickle
<- 200 POST /v1/api/tickle
-> POST /v1/api/iserver/account
<- 400 POST /v1/api/iserver/account
-> GET /v1/api/portfolio/DUM174280/positions/0
<- 200 GET /v1/api/portfolio/DUM174280/positions/0
-> request: /v1/api/tickle
-> GET /v1/api/tickle,200|105ms
-> POST /v1/api/tickle
<- 200 POST /v1/api/tickle
-> POST /v1/api/iserver/account
<- 400 POST /v1/api/iserver/account
-> GET /v1/api/trsrv/stocks?symbols=AMD
<- 200 GET /v1/api/trsrv/stocks?symbols=AMD
-> POST /v1/api/iserver/account/DUM174280/orders
<- 400 POST /v1/api/iserver/account/DUM174280/orders
-> GET /v1/api/trsrv/stocks?symbols=AVGO
<- 200 GET /v1/api/trsrv/stocks?symbols=AVGO
-> POST /v1/api/iserver/account/DUM174280/orders
<- 400 POST /v1/api/iserver/account/DUM174280/orders
-> GET /v1/api/trsrv/stocks?symbols=MS
<- 200 GET /v1/api/trsrv/stocks?symbols=MS
-> POST /v1/api/iserver/account/DUM174280/orders
<- 400 POST /v1/api/iserver/account/DUM174280/orders
-> GET /v1/api/trsrv/stocks?symbols=AMZN
<- 200 GET /v1/api/trsrv/stocks?symbols=AMZN
-> POST /v1/api/iserver/account/DUM174280/orders
<- 400 POST /v1/api/iserver/account/DUM174280/orders
-> GET /v1/api/trsrv/stocks?symbols=BAC
<- 200 GET /v1/api/trsrv/stocks?symbols=BAC
-> POST /v1/api/iserver/account/DUM174280/orders
<- 400 POST /v1/api/iserver/account/DUM174280/orders
-> GET /v1/api/trsrv/stocks?symbols=NKE
<- 200 GET /v1/api/trsrv/stocks?symbols=NKE
-> POST /v1/api/iserver/account/DUM174280/orders
<- 400 POST /v1/api/iserver/account/DUM174280/orders
-> GET /v1/api/trsrv/stocks?symbols=TMO
<- 200 GET /v1/api/trsrv/stocks?symbols=TMO
-> POST /v1/api/iserver/account/DUM174280/orders
<- 400 POST /v1/api/iserver/account/DUM174280/orders
-> GET /v1/api/trsrv/stocks?symbols=NFLX
<- 200 GET /v1/api/trsrv/stocks?symbols=NFLX
-> POST /v1/api/iserver/account/DUM174280/orders
<- 400 POST /v1/api/iserver/account/DUM174280/orders
-> request: /v1/api/tickle
-> GET /v1/api/tickle,200|199ms
-> request: /v1/api/tickle
-> GET /v1/api/tickle,200|87ms
-> request: /v1/api/tickle
-> GET /v1/api/tickle,200|70ms
-> request: /v1/api/tickle
-> GET /v1/api/tickle,200|76ms
-> request: /v1/api/tickle
-> GET /v1/api/tickle,200|129ms
-> request: /v1/api/tickle
-> GET /v1/api/tickle,200|87ms
-> request: /sso/ping
-> GET /sso/ping,200|80ms
-> request: /v1/api/tickle
-> GET /v1/api/tickle,200|77ms
-> request: /v1/api/tickle
-> GET /v1/api/tickle,200|78ms
-> request: /v1/api/tickle
-> GET /v1/api/tickle,200|99ms
-> request: /v1/api/tickle
-> GET /v1/api/tickle,200|99ms
-> request: /v1/api/tickle
-> GET /v1/api/tickle,200|76ms
-> request: /v1/api/tickle
-> GET /v1/api/tickle,200|115ms
-> request: /v1/api/tickle
-> GET /v1/api/tickle,200|90ms
-> request: /v1/api/tickle
-> GET /v1/api/tickle,200|106ms
-> request: /v1/api/tickle
-> GET /v1/api/tickle,200|76ms
-> request: /v1/api/tickle
-> GET /v1/api/tickle,200|79ms
-> request: /sso/ping
-> GET /sso/ping,200|65ms
-> request: /v1/api/tickle
-> GET /v1/api/tickle,200|81ms
-> request: /v1/api/tickle
-> GET /v1/api/tickle,200|71ms
-> POST /v1/api/tickle
<- 200 POST /v1/api/tickle
-> POST /v1/api/iserver/account
<- 400 POST /v1/api/iserver/account
-> GET /v1/api/portfolio/DUM174280/summary
<- 200 GET /v1/api/portfolio/DUM174280/summary
-> GET /v1/api/portfolio/DUM174280/positions/0
<- 200 GET /v1/api/portfolio/DUM174280/positions/0
-> request: /v1/api/tickle
-> GET /v1/api/tickle,200|69ms
-> request: /v1/api/tickle
-> GET /v1/api/tickle,200|82ms
-> request: /v1/api/tickle
-> GET /v1/api/tickle,200|120ms
-> request: /v1/api/tickle
-> GET /v1/api/tickle,200|90ms
-> request: /v1/api/tickle
-> GET /v1/api/tickle,200|85ms
-> request: /v1/api/tickle
-> GET /v1/api/tickle,200|138ms
-> request: /v1/api/tickle
-> GET /v1/api/tickle,200|90ms
-> request: /v1/api/tickle
-> GET /v1/api/tickle,200|85ms
-> request: /sso/ping
-> GET /sso/ping,200|72ms
-> request: /v1/api/tickle
-> GET /v1/api/tickle,200|76ms
-> GET /v1/api/portfolio/DUM174280/positions/0
<- 200 GET /v1/api/portfolio/DUM174280/positions/0
-> request: /v1/api/tickle
-> GET /v1/api/tickle,200|82ms
-> GET /v1/api/portfolio/DUM174280/positions/0
<- 200 GET /v1/api/portfolio/DUM174280/positions/0
-> request: /v1/api/tickle
-> GET /v1/api/tickle,200|83ms
-> POST /v1/api/tickle
<- 200 POST /v1/api/tickle
-> GET /v1/api/portfolio/DUM174280/positions/0
<- 200 GET /v1/api/portfolio/DUM174280/positions/0
-> request: /v1/api/tickle
-> GET /v1/api/tickle,200|82ms
-> request: /v1/api/tickle
-> GET /v1/api/tickle,200|108ms
-> request: /v1/api/tickle
-> GET /v1/api/tickle,200|82ms
-> GET /sso/Login?forwardTo=22&RL=1&ip2loc=US
<- 200 GET /sso/Login?forwardTo=22&RL=1&ip2loc=US
-> GET /css/bootstrap-5.2.2/bootstrap.min.css
-> GET /css/bootstrap-switch-3.3.2/bootstrap-switch.min.css
-> GET /css/reg-am/login.min.css
-> GET /css/ibkr/theme-ibkr-portal.min.css
-> GET /css/fontawesome-6.4.2/all.min.css
-> GET /scripts/common/js/jquery-3.7.0/jquery.min.js
<- 200 GET /css/bootstrap-5.2.2/bootstrap.min.css
-> GET /scripts/common/js/bootstrap-5.2.2/bootstrap.bundle.min.js
<- 200 GET /scripts/common/js/jquery-3.7.0/jquery.min.js
-> GET /sso/lib/xyz.bundle.min.js
<- 200 GET /css/bootstrap-switch-3.3.2/bootstrap-switch.min.css
<- 200 GET /css/fontawesome-6.4.2/all.min.css
<- 200 GET /scripts/common/js/bootstrap-5.2.2/bootstrap.bundle.min.js
<- 200 GET /css/reg-am/login.min.css
<- 200 GET /css/ibkr/theme-ibkr-portal.min.css
<- 200 GET /sso/lib/xyz.bundle.min.js
-> GET /images/common/logos/ibkr/interactive-brokers.svg
<- 200 GET /images/common/logos/ibkr/interactive-brokers.svg
-> GET /fonts/proxima-nova/Proxima-Nova-Regular.woff2
-> GET /fonts/fontawesome-6.4.2/webfonts/fa-brands-400.woff2
-> GET /fonts/proxima-nova/Proxima-Nova-Semibold.woff2
-> GET /fonts/fontawesome-6.4.2/webfonts/fa-solid-900.woff2
<- 200 GET /fonts/proxima-nova/Proxima-Nova-Semibold.woff2
<- 200 GET /fonts/fontawesome-6.4.2/webfonts/fa-solid-900.woff2
<- 200 GET /fonts/proxima-nova/Proxima-Nova-Regular.woff2
<- 200 GET /fonts/fontawesome-6.4.2/webfonts/fa-brands-400.woff2
-> POST /sso/report
-> POST /portal.proxy/v1/gstat/bulletins
<- 200 POST /sso/report
<- 204 POST /portal.proxy/v1/gstat/bulletins
-> GET /images/common/logos/ibkr/interactive-brokers-inverse.svg
<- 200 GET /images/common/logos/ibkr/interactive-brokers-inverse.svg
-> request: /v1/api/tickle
-> GET /v1/api/tickle,200|89ms
-> POST /sso/Authenticator
<- 200 POST /sso/Authenticator
-> POST /sso/Authenticator
<- 200 POST /sso/Authenticator
-> POST /sso/Dispatcher
<- 200 POST /sso/Dispatcher
-> GET /css/bootstrap-5.2.2/bootstrap.min.css
-> GET /css/fontawesome-6.4.2/all.min.css
-> GET /css/bootstrap-switch-3.3.2/bootstrap-switch.min.css
-> GET /css/reg-am/login.min.css
-> GET /css/ibkr/theme-ibkr-portal.min.css
-> GET /scripts/common/js/jquery-3.7.0/jquery.min.js
<- 304 GET /css/reg-am/login.min.css
<- 304 GET /css/ibkr/theme-ibkr-portal.min.css
-> GET /scripts/common/js/bootstrap-5.2.2/bootstrap.bundle.min.js
-> GET /sso/lib/xyz.bundle.min.js
<- 200 GET /css/fontawesome-6.4.2/all.min.css
<- 200 GET /css/bootstrap-switch-3.3.2/bootstrap-switch.min.css
<- 200 GET /scripts/common/js/jquery-3.7.0/jquery.min.js
<- 200 GET /css/bootstrap-5.2.2/bootstrap.min.css
<- 200 GET /scripts/common/js/bootstrap-5.2.2/bootstrap.bundle.min.js
<- 304 GET /sso/lib/xyz.bundle.min.js
-> GET /images/common/logos/ibkr/interactive-brokers.svg
-> GET /fonts/fontawesome-6.4.2/webfonts/fa-brands-400.woff2
-> GET /fonts/proxima-nova/Proxima-Nova-Semibold.woff2
-> GET /fonts/fontawesome-6.4.2/webfonts/fa-solid-900.woff2
-> GET /fonts/proxima-nova/Proxima-Nova-Regular.woff2
-> GET /images/common/logos/ibkr/interactive-brokers-inverse.svg
<- 200 GET /images/common/logos/ibkr/interactive-brokers.svg
<- 200 GET /fonts/proxima-nova/Proxima-Nova-Semibold.woff2
-> POST /sso/report
<- 200 GET /fonts/fontawesome-6.4.2/webfonts/fa-brands-400.woff2
-> POST /portal.proxy/v1/gstat/bulletins
<- 200 GET /fonts/proxima-nova/Proxima-Nova-Regular.woff2
<- 200 GET /fonts/fontawesome-6.4.2/webfonts/fa-solid-900.woff2
<- 200 GET /images/common/logos/ibkr/interactive-brokers-inverse.svg
<- 200 POST /sso/report
<- 204 POST /portal.proxy/v1/gstat/bulletins
-> POST /sso/Authenticator
<- 200 POST /sso/Authenticator
-> POST /sso/Authenticator
<- 200 POST /sso/Authenticator
-> POST /sso/Dispatcher
<- 302 POST /sso/Dispatcher
-> request: /v1/api/sso/validate?gw=1
-> GET /v1/api/sso/validate?gw=1,200|106ms
-> request: /v1/api/one/user
-> request: /v1/api/ssodh/init
-> sso GET https://api.ibkr.com/v1/api/ssodh/init
-> GET /v1/api/one/user,200|170ms
-> request: /v1/api/ssodh/st
-> sso GET https://api.ibkr.com/v1/api/ssodh/st
-> request: /v1/api/iserver/auth/status
-> GET /v1/api/iserver/auth/status,200|76ms
-> request: /v1/api/iserver/auth/ssodh/init
-> POST https://api.ibkr.com/v1/api/iserver/auth/ssodh/init,200|135ms
-> request: /v1/api/iserver/accounts
-> GET /v1/api/iserver/accounts,200|85ms
-> request: /v1/api/tickle
-> GET /v1/api/tickle,200|72ms
-> request: /v1/api/tickle
-> GET /v1/api/tickle,200|92ms
-> request: /v1/api/tickle
-> GET /v1/api/tickle,200|85ms
-> POST /v1/api/tickle
<- 200 POST /v1/api/tickle
-> POST /v1/api/iserver/account
<- 200 POST /v1/api/iserver/account
-> GET /v1/api/trsrv/stocks?symbols=PLTR
<- 200 GET /v1/api/trsrv/stocks?symbols=PLTR
-> POST /v1/api/iserver/account/DUM174280/orders
<- 200 POST /v1/api/iserver/account/DUM174280/orders
-> GET /v1/api/trsrv/stocks?symbols=NVDA
<- 200 GET /v1/api/trsrv/stocks?symbols=NVDA
-> POST /v1/api/iserver/account/DUM174280/orders
<- 200 POST /v1/api/iserver/account/DUM174280/orders
-> GET /v1/api/trsrv/stocks?symbols=AVGO
<- 200 GET /v1/api/trsrv/stocks?symbols=AVGO
-> POST /v1/api/iserver/account/DUM174280/orders
<- 200 POST /v1/api/iserver/account/DUM174280/orders
-> GET /v1/api/trsrv/stocks?symbols=MU
<- 200 GET /v1/api/trsrv/stocks?symbols=MU
-> POST /v1/api/iserver/account/DUM174280/orders
<- 200 POST /v1/api/iserver/account/DUM174280/orders
-> GET /v1/api/trsrv/stocks?symbols=TTD
<- 200 GET /v1/api/trsrv/stocks?symbols=TTD
-> POST /v1/api/iserver/account/DUM174280/orders
<- 200 POST /v1/api/iserver/account/DUM174280/orders
-> GET /v1/api/trsrv/stocks?symbols=META
<- 200 GET /v1/api/trsrv/stocks?symbols=META
-> POST /v1/api/iserver/account/DUM174280/orders
<- 200 POST /v1/api/iserver/account/DUM174280/orders
-> GET /v1/api/trsrv/stocks?symbols=LMT
<- 200 GET /v1/api/trsrv/stocks?symbols=LMT
-> POST /v1/api/iserver/account/DUM174280/orders
<- 200 POST /v1/api/iserver/account/DUM174280/orders
-> GET /v1/api/trsrv/stocks?symbols=TSM
<- 200 GET /v1/api/trsrv/stocks?symbols=TSM
-> POST /v1/api/iserver/account/DUM174280/orders
<- 200 POST /v1/api/iserver/account/DUM174280/orders
-> request: /v1/api/tickle
-> GET /v1/api/tickle,200|100ms
-> request: /v1/api/tickle
-> GET /v1/api/tickle,200|99ms
-> request: /v1/api/tickle
-> GET /v1/api/tickle,200|94ms
-> request: /v1/api/tickle
-> GET /v1/api/tickle,200|115ms
-> request: /v1/api/tickle
-> GET /v1/api/tickle,200|84ms
-> request: /v1/api/tickle
-> GET /v1/api/tickle,200|74ms
-> request: /v1/api/tickle
-> GET /v1/api/tickle,200|87ms
-> request: /sso/ping
-> GET /sso/ping,200|64ms
-> request: /v1/api/tickle
-> GET /v1/api/tickle,200|82ms
-> request: /v1/api/tickle
-> GET /v1/api/tickle,200|87ms
-> request: /v1/api/tickle
-> GET /v1/api/tickle,200|84ms
-> request: /v1/api/tickle
-> GET /v1/api/tickle,200|86ms
-> request: /v1/api/tickle
-> GET /v1/api/tickle,200|82ms
-> request: /v1/api/tickle
-> GET /v1/api/tickle,200|86ms
-> request: /v1/api/tickle
-> GET /v1/api/tickle,200|90ms
-> request: /v1/api/tickle
-> GET /v1/api/tickle,200|99ms
-> request: /v1/api/tickle
-> GET /v1/api/tickle,200|71ms
-> request: /v1/api/tickle
-> GET /v1/api/tickle,200|73ms
-> request: /sso/ping
-> GET /sso/ping,200|73ms
-> request: /v1/api/tickle
-> GET /v1/api/tickle,200|88ms
-> request: /v1/api/tickle
-> GET /v1/api/tickle,200|95ms
-> request: /v1/api/tickle
-> GET /v1/api/tickle,200|82ms
-> request: /v1/api/tickle
-> GET /v1/api/tickle,200|134ms
-> request: /v1/api/tickle
-> GET /v1/api/tickle,200|82ms
-> request: /v1/api/tickle
-> GET /v1/api/tickle,200|107ms
-> request: /v1/api/tickle
-> GET /v1/api/tickle,200|85ms
-> request: /v1/api/tickle
-> GET /v1/api/tickle,200|88ms
-> request: /v1/api/tickle
-> GET /v1/api/tickle,200|76ms
-> request: /v1/api/tickle
-> GET /v1/api/tickle,200|86ms
-> request: /sso/ping
-> GET /sso/ping,200|342ms
-> request: /v1/api/tickle
-> GET /v1/api/tickle,200|80ms
-> request: /v1/api/tickle
-> GET /v1/api/tickle,200|94ms
-> request: /v1/api/tickle
-> GET /v1/api/tickle,200|81ms
-> request: /v1/api/tickle
-> GET /v1/api/tickle,200|90ms
-> request: /v1/api/tickle
-> GET /v1/api/tickle,200|114ms
-> request: /v1/api/tickle
-> GET /v1/api/tickle,200|107ms
-> request: /v1/api/tickle
-> GET /v1/api/tickle,200|89ms
-> request: /v1/api/tickle
-> GET /v1/api/tickle,200|89ms
-> request: /v1/api/tickle
-> GET /v1/api/tickle,200|95ms
-> request: /v1/api/tickle
-> GET /v1/api/tickle,200|78ms
-> request: /sso/ping
-> GET /sso/ping,200|75ms
-> request: /v1/api/tickle
-> GET /v1/api/tickle,200|82ms
-> request: /v1/api/tickle
-> GET /v1/api/tickle,200|81ms
-> request: /v1/api/tickle
-> GET /v1/api/tickle,200|81ms
-> request: /v1/api/tickle
-> GET /v1/api/tickle,200|81ms
-> request: /v1/api/tickle
-> GET /v1/api/tickle,200|115ms
-> request: /v1/api/tickle
-> GET /v1/api/tickle,200|97ms
-> request: /v1/api/tickle
-> GET /v1/api/tickle,200|77ms
-> request: /v1/api/tickle
-> GET /v1/api/tickle,200|96ms
-> request: /v1/api/tickle
-> GET /v1/api/tickle,200|86ms
-> request: /v1/api/tickle
-> GET /v1/api/tickle,200|78ms
-> request: /sso/ping
-> GET /sso/ping,200|70ms
-> request: /v1/api/tickle
-> GET /v1/api/tickle,200|77ms
-> request: /v1/api/tickle
-> GET /v1/api/tickle,200|81ms
-> request: /v1/api/tickle
-> GET /v1/api/tickle,200|71ms
-> request: /v1/api/tickle
-> GET /v1/api/tickle,200|79ms
-> request: /v1/api/tickle
-> GET /v1/api/tickle,200|92ms
-> request: /v1/api/tickle
-> GET /v1/api/tickle,200|72ms
-> request: /v1/api/tickle
-> GET /v1/api/tickle,200|97ms
-> request: /v1/api/tickle
-> GET /v1/api/tickle,200|85ms
-> request: /v1/api/tickle
-> GET /v1/api/tickle,200|78ms
-> request: /v1/api/tickle
-> GET /v1/api/tickle,200|78ms
-> request: /sso/ping
-> GET /sso/ping,200|70ms
-> request: /v1/api/tickle
-> GET /v1/api/tickle,200|75ms
-> request: /v1/api/tickle
-> GET /v1/api/tickle,200|108ms
-> request: /v1/api/tickle
-> GET /v1/api/tickle,200|83ms
-> request: /v1/api/tickle
-> GET /v1/api/tickle,200|95ms
-> request: /v1/api/tickle
-> GET /v1/api/tickle,200|81ms
-> request: /v1/api/tickle
-> GET /v1/api/tickle,200|133ms
-> request: /v1/api/tickle
-> GET /v1/api/tickle,200|76ms
-> request: /v1/api/tickle
-> GET /v1/api/tickle,200|77ms
-> request: /v1/api/tickle
-> GET /v1/api/tickle,200|90ms
-> request: /v1/api/tickle
-> GET /v1/api/tickle,200|84ms
-> request: /sso/ping
-> GET /sso/ping,200|62ms
-> request: /v1/api/tickle
-> GET /v1/api/tickle,200|102ms
-> request: /v1/api/tickle
-> GET /v1/api/tickle,200|80ms
-> request: /v1/api/tickle
-> GET /v1/api/tickle,200|75ms
-> request: /v1/api/tickle
-> GET /v1/api/tickle,200|76ms
-> request: /v1/api/tickle
-> GET /v1/api/tickle,200|101ms
-> request: /v1/api/tickle
-> GET /v1/api/tickle,200|83ms
-> request: /v1/api/tickle
-> GET /v1/api/tickle,200|88ms
-> request: /v1/api/tickle
-> GET /v1/api/tickle,200|91ms
-> request: /v1/api/tickle
-> GET /v1/api/tickle,200|89ms
-> request: /v1/api/tickle
-> GET /v1/api/tickle,200|84ms
-> request: /sso/ping
-> GET /sso/ping,200|75ms
-> request: /v1/api/tickle
-> GET /v1/api/tickle,200|114ms
-> request: /v1/api/tickle
-> GET /v1/api/tickle,200|84ms
-> request: /v1/api/tickle
-> GET /v1/api/tickle,200|87ms
-> request: /v1/api/tickle
-> GET /v1/api/tickle,200|81ms
-> request: /v1/api/tickle
-> GET /v1/api/tickle,200|76ms
-> request: /v1/api/tickle
-> GET /v1/api/tickle,200|81ms
-> request: /v1/api/tickle
-> GET /v1/api/tickle,200|132ms
-> request: /v1/api/tickle
-> GET /v1/api/tickle,200|84ms
-> request: /v1/api/tickle
-> GET /v1/api/tickle,200|84ms
-> request: /v1/api/tickle
-> GET /v1/api/tickle,200|77ms
-> request: /sso/ping
-> GET /sso/ping,200|77ms
-> request: /v1/api/tickle
-> GET /v1/api/tickle,200|71ms
-> request: /v1/api/tickle
-> GET /v1/api/tickle,200|74ms
-> request: /v1/api/tickle
-> GET /v1/api/tickle,200|81ms
-> request: /v1/api/tickle
-> GET /v1/api/tickle,200|86ms
-> request: /v1/api/tickle
-> GET /v1/api/tickle,200|90ms
-> request: /v1/api/tickle
-> GET /v1/api/tickle,200|82ms
-> request: /v1/api/tickle
-> GET /v1/api/tickle,200|84ms
-> request: /v1/api/tickle
-> GET /v1/api/tickle,200|88ms
-> request: /v1/api/tickle
-> GET /v1/api/tickle,200|78ms
-> request: /v1/api/tickle
-> GET /v1/api/tickle,200|93ms
-> request: /sso/ping
-> GET /sso/ping,200|81ms
-> request: /v1/api/tickle
-> GET /v1/api/tickle,200|77ms
-> request: /v1/api/tickle
-> GET /v1/api/tickle,200|85ms
-> request: /v1/api/tickle
-> GET /v1/api/tickle,200|84ms
-> request: /v1/api/tickle
-> GET /v1/api/tickle,200|83ms
-> request: /v1/api/tickle
-> GET /v1/api/tickle,200|86ms
-> request: /v1/api/tickle
-> GET /v1/api/tickle,200|80ms
-> request: /v1/api/tickle
-> GET /v1/api/tickle,200|85ms
-> request: /v1/api/tickle
-> GET /v1/api/tickle,200|114ms
-> request: /v1/api/tickle
-> GET /v1/api/tickle,200|86ms
-> request: /v1/api/tickle
-> GET /v1/api/tickle,200|88ms
-> request: /sso/ping
-> GET /sso/ping,200|74ms
-> request: /v1/api/tickle
-> GET /v1/api/tickle,200|76ms
-> request: /v1/api/tickle
-> GET /v1/api/tickle,200|79ms
-> request: /v1/api/tickle
-> GET /v1/api/tickle,200|78ms
-> request: /v1/api/tickle
-> GET /v1/api/tickle,200|77ms
-> request: /v1/api/tickle
-> GET /v1/api/tickle,200|78ms
-> request: /v1/api/tickle
-> GET /v1/api/tickle,200|84ms
-> request: /v1/api/tickle
-> GET /v1/api/tickle,200|75ms
-> request: /v1/api/tickle
-> GET /v1/api/tickle,200|87ms
-> request: /v1/api/tickle
-> GET /v1/api/tickle,200|95ms
-> request: /v1/api/tickle
-> GET /v1/api/tickle,200|82ms
-> request: /sso/ping
-> GET /sso/ping,200|94ms
-> request: /v1/api/tickle
-> GET /v1/api/tickle,200|79ms
-> request: /v1/api/tickle
-> GET /v1/api/tickle,200|79ms
-> request: /v1/api/tickle
-> GET /v1/api/tickle,200|115ms
-> request: /v1/api/tickle
-> GET /v1/api/tickle,200|81ms
-> request: /v1/api/tickle
-> GET /v1/api/tickle,200|113ms
-> request: /v1/api/tickle
-> GET /v1/api/tickle,200|80ms
-> request: /v1/api/tickle
-> GET /v1/api/tickle,200|81ms
-> request: /v1/api/tickle
-> GET /v1/api/tickle,200|75ms
-> request: /v1/api/tickle
-> GET /v1/api/tickle,200|201ms
-> request: /v1/api/tickle
-> GET /v1/api/tickle,200|88ms
-> request: /sso/ping
-> GET /sso/ping,200|81ms
-> request: /v1/api/tickle
-> GET /v1/api/tickle,200|75ms
-> request: /v1/api/tickle
-> GET /v1/api/tickle,200|84ms
-> request: /v1/api/tickle
-> GET /v1/api/tickle,200|87ms
-> request: /v1/api/tickle
-> GET /v1/api/tickle,200|87ms
-> request: /v1/api/tickle
-> GET /v1/api/tickle,200|84ms
-> request: /v1/api/tickle
-> GET /v1/api/tickle,200|82ms
-> request: /v1/api/tickle
-> GET /v1/api/tickle,200|75ms
-> request: /v1/api/tickle
-> GET /v1/api/tickle,200|84ms
-> request: /v1/api/tickle
-> GET /v1/api/tickle,200|96ms
-> request: /v1/api/tickle
-> GET /v1/api/tickle,200|77ms
-> request: /sso/ping
-> GET /sso/ping,200|72ms
-> request: /v1/api/tickle
-> GET /v1/api/tickle,200|94ms
-> request: /v1/api/tickle
-> GET /v1/api/tickle,200|127ms
-> request: /v1/api/tickle
-> GET /v1/api/tickle,200|89ms
-> request: /v1/api/tickle
-> GET /v1/api/tickle,200|85ms
-> request: /v1/api/tickle
-> GET /v1/api/tickle,200|94ms
-> request: /v1/api/tickle
-> GET /v1/api/tickle,200|77ms
-> request: /v1/api/tickle
-> GET /v1/api/tickle,200|75ms
-> request: /v1/api/tickle
-> GET /v1/api/tickle,200|84ms
-> request: /v1/api/tickle
-> GET /v1/api/tickle,200|86ms
-> request: /v1/api/tickle
-> GET /v1/api/tickle,200|120ms
-> request: /sso/ping
-> GET /sso/ping,200|65ms
-> request: /v1/api/tickle
-> GET /v1/api/tickle,200|102ms
-> request: /v1/api/tickle
-> GET /v1/api/tickle,200|90ms
-> request: /v1/api/tickle
-> GET /v1/api/tickle,200|104ms
-> request: /v1/api/tickle
-> GET /v1/api/tickle,200|95ms
-> request: /v1/api/tickle
-> GET /v1/api/tickle,200|81ms
-> request: /v1/api/tickle
-> GET /v1/api/tickle,200|82ms
-> request: /v1/api/tickle
-> GET /v1/api/tickle,200|134ms
-> request: /v1/api/tickle
-> GET /v1/api/tickle,200|80ms
-> request: /v1/api/tickle
-> GET /v1/api/tickle,200|81ms
-> request: /v1/api/tickle
-> GET /v1/api/tickle,200|87ms
-> request: /sso/ping
-> GET /sso/ping,200|76ms
-> request: /v1/api/tickle
-> GET /v1/api/tickle,200|84ms
-> request: /v1/api/tickle
-> GET /v1/api/tickle,200|95ms
-> request: /v1/api/tickle
-> GET /v1/api/tickle,200|76ms
-> request: /v1/api/tickle
-> GET /v1/api/tickle,200|92ms
-> request: /v1/api/tickle
-> GET /v1/api/tickle,200|101ms
-> request: /v1/api/tickle
-> GET /v1/api/tickle,200|105ms
-> request: /v1/api/tickle
-> GET /v1/api/tickle,200|87ms
-> request: /v1/api/tickle
-> GET /v1/api/tickle,200|79ms
-> request: /v1/api/tickle
-> GET /v1/api/tickle,200|83ms
-> request: /v1/api/tickle
-> GET /v1/api/tickle,200|75ms
-> request: /sso/ping
-> GET /sso/ping,200|64ms
-> request: /v1/api/tickle
-> GET /v1/api/tickle,200|112ms
-> request: /v1/api/tickle
-> GET /v1/api/tickle,200|100ms
-> request: /v1/api/tickle
-> GET /v1/api/tickle,200|83ms
-> request: /v1/api/tickle
-> GET /v1/api/tickle,200|108ms
-> request: /v1/api/tickle
-> GET /v1/api/tickle,200|88ms
-> request: /v1/api/tickle
-> GET /v1/api/tickle,200|88ms
-> request: /v1/api/tickle
-> GET /v1/api/tickle,200|175ms
-> request: /v1/api/tickle
-> GET /v1/api/tickle,200|333ms
-> request: /v1/api/tickle
-> GET /v1/api/tickle,200|113ms
-> request: /v1/api/tickle
-> GET /v1/api/tickle,200|92ms
-> request: /sso/ping
-> GET /sso/ping,200|76ms
-> request: /v1/api/tickle
-> GET /v1/api/tickle,200|80ms
-> request: /v1/api/tickle
-> GET /v1/api/tickle,200|92ms
-> request: /v1/api/tickle
-> GET /v1/api/tickle,200|85ms
-> request: /v1/api/tickle
-> GET /v1/api/tickle,200|93ms
-> request: /v1/api/tickle
-> GET /v1/api/tickle,200|141ms
-> request: /v1/api/tickle
-> GET /v1/api/tickle,200|493ms
-> request: /v1/api/tickle
-> GET /v1/api/tickle,200|82ms
-> request: /v1/api/tickle
-> GET /v1/api/tickle,200|311ms
-> request: /v1/api/tickle
-> GET /v1/api/tickle,200|91ms
-> request: /v1/api/tickle
-> GET /v1/api/tickle,200|85ms
-> request: /sso/ping
-> GET /sso/ping,200|73ms
-> request: /v1/api/tickle
-> GET /v1/api/tickle,200|107ms
-> request: /v1/api/tickle
-> GET /v1/api/tickle,200|124ms
-> request: /v1/api/tickle
-> GET /v1/api/tickle,200|230ms
-> request: /v1/api/tickle
-> GET /v1/api/tickle,200|91ms
-> request: /v1/api/tickle
-> GET /v1/api/tickle,200|79ms
-> request: /v1/api/tickle
-> GET /v1/api/tickle,200|84ms
-> request: /v1/api/tickle
-> GET /v1/api/tickle,200|331ms
-> request: /v1/api/tickle
-> GET /v1/api/tickle,200|91ms
-> request: /v1/api/tickle
-> GET /v1/api/tickle,200|89ms
-> request: /v1/api/tickle
-> GET /v1/api/tickle,200|88ms
-> request: /sso/ping
-> GET /sso/ping,200|69ms
-> request: /v1/api/tickle
-> GET /v1/api/tickle,200|91ms
-> request: /v1/api/tickle
-> GET /v1/api/tickle,200|267ms
-> request: /v1/api/tickle
-> GET /v1/api/tickle,200|88ms
-> request: /v1/api/tickle
-> GET /v1/api/tickle,200|203ms
-> request: /v1/api/tickle
-> GET /v1/api/tickle,200|83ms
-> request: /v1/api/tickle
-> GET /v1/api/tickle,200|91ms
-> request: /v1/api/tickle
-> GET /v1/api/tickle,200|378ms
-> request: /v1/api/tickle
-> GET /v1/api/tickle,200|88ms
-> request: /v1/api/tickle
-> GET /v1/api/tickle,200|88ms
-> request: /v1/api/tickle
-> GET /v1/api/tickle,200|122ms
-> request: /sso/ping
-> GET /sso/ping,200|173ms
-> request: /v1/api/tickle
-> GET /v1/api/tickle,200|125ms
-> request: /v1/api/tickle
-> GET /v1/api/tickle,200|113ms
-> request: /v1/api/tickle
-> GET /v1/api/tickle,200|138ms
-> request: /v1/api/tickle
-> GET /v1/api/tickle,200|131ms
-> request: /v1/api/tickle
-> GET /v1/api/tickle,200|1842ms
-> request: /v1/api/tickle
-> GET /v1/api/tickle,200|308ms
-> request: /v1/api/tickle
-> GET /v1/api/tickle,200|154ms
-> request: /v1/api/tickle
-> GET /v1/api/tickle,200|262ms
-> request: /v1/api/tickle
-> GET /v1/api/tickle,200|81ms
-> request: /v1/api/tickle
-> GET /v1/api/tickle,200|98ms
-> request: /sso/ping
-> GET /sso/ping,200|125ms
-> request: /v1/api/tickle
-> GET /v1/api/tickle,200|79ms
-> request: /v1/api/tickle
-> GET /v1/api/tickle,200|560ms
-> request: /v1/api/tickle
-> GET /v1/api/tickle,200|78ms
-> request: /v1/api/tickle
-> GET /v1/api/tickle,200|88ms
-> request: /v1/api/tickle
-> GET /v1/api/tickle,200|92ms
-> request: /v1/api/tickle
-> GET /v1/api/tickle,200|106ms
-> request: /v1/api/tickle
-> GET /v1/api/tickle,200|96ms
-> request: /v1/api/tickle
-> GET /v1/api/tickle,200|115ms
-> request: /v1/api/tickle
-> GET /v1/api/tickle,200|186ms
-> request: /v1/api/tickle
-> GET /v1/api/tickle,200|134ms
-> request: /sso/ping
-> GET /sso/ping,200|87ms
-> request: /v1/api/tickle
-> GET /v1/api/tickle,200|91ms
-> request: /v1/api/tickle
-> GET /v1/api/tickle,200|104ms
-> request: /v1/api/tickle
-> GET /v1/api/tickle,200|95ms
-> request: /v1/api/tickle
-> GET /v1/api/tickle,200|782ms
-> request: /v1/api/tickle
-> GET /v1/api/tickle,200|102ms
-> request: /v1/api/tickle
-> GET /v1/api/tickle,200|95ms
-> request: /v1/api/tickle
-> GET /v1/api/tickle,200|421ms
-> request: /v1/api/tickle
-> GET /v1/api/tickle,200|102ms
-> request: /v1/api/tickle
-> request: /v1/api/tickle
-> request: /sso/ping
-> request: /v1/api/tickle
-> request: /v1/api/tickle
-> request: /v1/api/tickle
-> GET /v1/api/tickle,200|482ms
-> request: /v1/api/tickle
-> GET /v1/api/tickle,200|99ms
-> request: /v1/api/tickle
-> GET /v1/api/tickle,200|237ms
-> request: /v1/api/tickle
-> GET /v1/api/tickle,200|127ms
-> request: /v1/api/tickle
-> GET /v1/api/tickle,200|90ms
-> request: /v1/api/tickle
-> GET /v1/api/tickle,200|92ms
-> request: /v1/api/tickle
-> GET /v1/api/tickle,200|1017ms
-> request: /v1/api/tickle
-> GET /v1/api/tickle,200|160ms
-> request: /sso/ping
-> GET /sso/ping,200|880ms
-> request: /v1/api/tickle
-> GET /v1/api/tickle,200|614ms
-> request: /v1/api/tickle
-> GET /v1/api/tickle,200|515ms
-> request: /v1/api/tickle
-> GET /v1/api/tickle,200|91ms
-> request: /v1/api/tickle
-> GET /v1/api/tickle,200|827ms
-> request: /v1/api/tickle
-> GET /v1/api/tickle,200|869ms
-> request: /v1/api/tickle
-> GET /v1/api/tickle,200|492ms
-> request: /v1/api/tickle
-> GET /v1/api/tickle,200|79ms
-> request: /v1/api/tickle
-> GET /v1/api/tickle,200|100ms
-> request: /v1/api/tickle
-> GET /v1/api/tickle,200|255ms
-> request: /v1/api/tickle
-> GET /v1/api/tickle,200|90ms
-> request: /sso/ping
-> GET /sso/ping,200|81ms
-> request: /v1/api/tickle
-> GET /v1/api/tickle,200|94ms
-> request: /v1/api/tickle
-> GET /v1/api/tickle,200|298ms
-> request: /v1/api/tickle
-> GET /v1/api/tickle,200|88ms
-> request: /v1/api/tickle
-> GET /v1/api/tickle,200|124ms
-> request: /v1/api/tickle
-> GET /v1/api/tickle,200|137ms
-> request: /v1/api/tickle
-> GET /v1/api/tickle,200|175ms
-> request: /v1/api/tickle
-> GET /v1/api/tickle,200|82ms
-> request: /v1/api/tickle
-> GET /v1/api/tickle,200|125ms
-> request: /v1/api/tickle
-> GET /v1/api/tickle,200|1167ms
-> request: /v1/api/tickle
-> GET /v1/api/tickle,200|106ms
-> request: /sso/ping
-> GET /sso/ping,200|116ms
-> request: /v1/api/tickle
-> GET /v1/api/tickle,200|194ms
-> request: /v1/api/tickle
-> GET /v1/api/tickle,200|94ms
-> request: /v1/api/tickle
-> GET /v1/api/tickle,200|86ms
-> request: /v1/api/tickle
-> GET /v1/api/tickle,200|88ms
-> request: /v1/api/tickle
-> GET /v1/api/tickle,200|106ms
-> request: /v1/api/tickle
-> GET /v1/api/tickle,200|174ms
-> request: /v1/api/tickle
-> GET /v1/api/tickle,200|105ms
-> request: /v1/api/tickle
-> GET /v1/api/tickle,200|1212ms
-> request: /v1/api/tickle
-> GET /v1/api/tickle,200|423ms
-> request: /v1/api/tickle
-> GET /v1/api/tickle,200|89ms
-> request: /sso/ping
-> GET /sso/ping,200|85ms
-> request: /v1/api/tickle
-> GET /v1/api/tickle,200|102ms
-> request: /v1/api/tickle
-> GET /v1/api/tickle,200|84ms
-> request: /v1/api/tickle
-> GET /v1/api/tickle,200|487ms
-> request: /v1/api/tickle
-> GET /v1/api/tickle,200|102ms
-> request: /v1/api/tickle
-> GET /v1/api/tickle,200|149ms
-> request: /v1/api/tickle
-> GET /v1/api/tickle,200|171ms
-> request: /v1/api/tickle
-> GET /v1/api/tickle,200|138ms
-> request: /v1/api/tickle
-> GET /v1/api/tickle,200|91ms
-> request: /v1/api/tickle
-> GET /v1/api/tickle,200|531ms
-> request: /v1/api/tickle
-> GET /v1/api/tickle,200|74ms
-> request: /sso/ping
-> GET /sso/ping,200|106ms
-> request: /v1/api/tickle
-> GET /v1/api/tickle,200|98ms
-> request: /v1/api/tickle
-> GET /v1/api/tickle,200|85ms
-> request: /v1/api/tickle
-> GET /v1/api/tickle,200|321ms
-> request: /v1/api/tickle
-> GET /v1/api/tickle,200|649ms
-> request: /v1/api/tickle
-> GET /v1/api/tickle,200|752ms
-> request: /v1/api/tickle
-> GET /v1/api/tickle,200|686ms
-> request: /v1/api/tickle
-> GET /v1/api/tickle,200|99ms
-> request: /v1/api/tickle
-> GET /v1/api/tickle,200|83ms
-> request: /v1/api/tickle
-> GET /v1/api/tickle,200|130ms
-> request: /v1/api/tickle
-> GET /v1/api/tickle,200|103ms
-> request: /sso/ping
-> GET /sso/ping,200|179ms
-> request: /v1/api/tickle
-> GET /v1/api/tickle,200|83ms
-> request: /v1/api/tickle
-> GET /v1/api/tickle,200|384ms
-> request: /v1/api/tickle
-> GET /v1/api/tickle,200|184ms
-> request: /v1/api/tickle
-> GET /v1/api/tickle,200|119ms
-> request: /v1/api/tickle
-> GET /v1/api/tickle,200|104ms
-> request: /v1/api/tickle
-> GET /v1/api/tickle,200|87ms
-> request: /v1/api/tickle
-> GET /v1/api/tickle,200|194ms
-> request: /v1/api/tickle
-> GET /v1/api/tickle,200|77ms
-> request: /v1/api/tickle
-> GET /v1/api/tickle,200|91ms
-> request: /v1/api/tickle
-> GET /v1/api/tickle,200|91ms
-> request: /sso/ping
-> GET /sso/ping,200|68ms
-> request: /v1/api/tickle
-> GET /v1/api/tickle,200|88ms
-> request: /v1/api/tickle
-> GET /v1/api/tickle,200|107ms
-> request: /v1/api/tickle
-> GET /v1/api/tickle,200|121ms
-> request: /v1/api/tickle
-> GET /v1/api/tickle,200|127ms
-> request: /v1/api/tickle
-> GET /v1/api/tickle,200|117ms
-> request: /v1/api/tickle
-> GET /v1/api/tickle,200|90ms
-> request: /v1/api/tickle
-> GET /v1/api/tickle,200|227ms
-> request: /v1/api/tickle
-> GET /v1/api/tickle,200|134ms
-> request: /v1/api/tickle
-> GET /v1/api/tickle,200|320ms
-> request: /v1/api/tickle
-> GET /v1/api/tickle,200|122ms
-> request: /sso/ping
-> GET /sso/ping,200|86ms
-> request: /v1/api/tickle
-> GET /v1/api/tickle,200|111ms
-> request: /v1/api/tickle
-> GET /v1/api/tickle,200|173ms
-> request: /v1/api/tickle
-> GET /v1/api/tickle,200|93ms
-> request: /v1/api/tickle
-> GET /v1/api/tickle,200|92ms
-> request: /v1/api/tickle
-> GET /v1/api/tickle,200|81ms
-> request: /v1/api/tickle
-> GET /v1/api/tickle,200|102ms
-> request: /v1/api/tickle
-> GET /v1/api/tickle,200|87ms
-> request: /v1/api/tickle
-> GET /v1/api/tickle,200|390ms
-> request: /v1/api/tickle
-> GET /v1/api/tickle,200|87ms
-> request: /v1/api/tickle
-> GET /v1/api/tickle,200|120ms
-> request: /sso/ping
-> GET /sso/ping,200|70ms
-> request: /v1/api/tickle
-> GET /v1/api/tickle,200|162ms
-> request: /v1/api/tickle
-> GET /v1/api/tickle,200|107ms
-> request: /v1/api/tickle
-> GET /v1/api/tickle,200|138ms
-> request: /v1/api/tickle
-> GET /v1/api/tickle,200|110ms
-> request: /v1/api/tickle
-> GET /v1/api/tickle,200|127ms
-> request: /v1/api/tickle
-> GET /v1/api/tickle,200|651ms
-> request: /v1/api/tickle
-> GET /v1/api/tickle,200|84ms
-> request: /v1/api/tickle
-> GET /v1/api/tickle,200|123ms
-> request: /v1/api/tickle
-> GET /v1/api/tickle,200|246ms
-> request: /v1/api/tickle
-> GET /v1/api/tickle,200|97ms
-> request: /sso/ping
-> GET /sso/ping,200|66ms
-> request: /v1/api/tickle
-> GET /v1/api/tickle,200|86ms
-> request: /v1/api/tickle
-> GET /v1/api/tickle,200|121ms
-> request: /v1/api/tickle
-> GET /v1/api/tickle,200|87ms
-> request: /v1/api/tickle
-> GET /v1/api/tickle,200|96ms
-> request: /v1/api/tickle
-> GET /v1/api/tickle,200|100ms
-> request: /v1/api/tickle
-> GET /v1/api/tickle,200|131ms
-> request: /v1/api/tickle
-> GET /v1/api/tickle,200|157ms
-> request: /v1/api/tickle
-> GET /v1/api/tickle,200|163ms
-> request: /v1/api/tickle
-> GET /v1/api/tickle,200|93ms
-> request: /v1/api/tickle
-> GET /v1/api/tickle,200|84ms
-> request: /sso/ping
-> GET /sso/ping,200|90ms
-> request: /v1/api/tickle
-> GET /v1/api/tickle,200|133ms
-> request: /v1/api/tickle
-> GET /v1/api/tickle,200|628ms
-> request: /v1/api/tickle
-> GET /v1/api/tickle,200|90ms
-> request: /v1/api/tickle
-> GET /v1/api/tickle,200|434ms
-> request: /v1/api/tickle
-> GET /v1/api/tickle,200|83ms
-> request: /v1/api/tickle
-> GET /v1/api/tickle,200|291ms
-> request: /v1/api/tickle
-> GET /v1/api/tickle,200|193ms
-> request: /v1/api/tickle
-> GET /v1/api/tickle,200|89ms
-> request: /v1/api/tickle
-> GET /v1/api/tickle,200|198ms
-> request: /v1/api/tickle
-> GET /v1/api/tickle,200|332ms
-> request: /sso/ping
-> GET /sso/ping,200|77ms
-> request: /v1/api/tickle
-> GET /v1/api/tickle,200|92ms
-> request: /v1/api/tickle
-> GET /v1/api/tickle,200|79ms
-> request: /v1/api/tickle
-> GET /v1/api/tickle,200|102ms
-> request: /v1/api/tickle
-> GET /v1/api/tickle,200|114ms
-> request: /v1/api/tickle
-> GET /v1/api/tickle,200|101ms
-> request: /v1/api/tickle
-> GET /v1/api/tickle,200|108ms
-> request: /v1/api/tickle
-> GET /v1/api/tickle,200|88ms
-> request: /v1/api/tickle
-> GET /v1/api/tickle,200|137ms
-> request: /v1/api/tickle
-> GET /v1/api/tickle,200|102ms
-> request: /v1/api/tickle
-> GET /v1/api/tickle,200|280ms
-> request: /sso/ping
-> GET /sso/ping,200|94ms
-> request: /v1/api/tickle
-> GET /v1/api/tickle,200|172ms
-> request: /v1/api/tickle
-> GET /v1/api/tickle,200|806ms
-> request: /v1/api/tickle
-> GET /v1/api/tickle,200|682ms
-> request: /v1/api/tickle
-> GET /v1/api/tickle,200|81ms
-> request: /v1/api/tickle
-> GET /v1/api/tickle,200|132ms
-> request: /v1/api/tickle
-> GET /v1/api/tickle,200|88ms
-> request: /v1/api/tickle
-> GET /v1/api/tickle,200|87ms
-> request: /v1/api/tickle
-> GET /v1/api/tickle,200|90ms
-> request: /v1/api/tickle
-> GET /v1/api/tickle,200|406ms
-> request: /v1/api/tickle
-> GET /v1/api/tickle,200|93ms
-> request: /sso/ping
-> GET /sso/ping,200|83ms
-> request: /v1/api/tickle
-> GET /v1/api/tickle,200|346ms
-> request: /v1/api/tickle
-> GET /v1/api/tickle,200|100ms
-> request: /v1/api/tickle
-> GET /v1/api/tickle,200|81ms
-> request: /v1/api/tickle
-> GET /v1/api/tickle,200|113ms
-> request: /v1/api/tickle
-> GET /v1/api/tickle,200|529ms
-> request: /v1/api/tickle
-> GET /v1/api/tickle,200|144ms
-> request: /v1/api/tickle
-> GET /v1/api/tickle,200|84ms
-> request: /v1/api/tickle
-> GET /v1/api/tickle,200|154ms
-> request: /v1/api/tickle
-> GET /v1/api/tickle,200|79ms
-> request: /v1/api/tickle
-> GET /v1/api/tickle,200|93ms
-> request: /sso/ping
-> GET /sso/ping,200|108ms
-> request: /v1/api/tickle
-> GET /v1/api/tickle,200|83ms
-> request: /v1/api/tickle
-> GET /v1/api/tickle,200|75ms
-> request: /v1/api/tickle
-> GET /v1/api/tickle,200|533ms
-> request: /v1/api/tickle
-> GET /v1/api/tickle,200|159ms
-> request: /v1/api/tickle
-> GET /v1/api/tickle,200|159ms
-> request: /v1/api/tickle
-> GET /v1/api/tickle,200|88ms
-> request: /v1/api/tickle
-> GET /v1/api/tickle,200|140ms
-> request: /v1/api/tickle
-> GET /v1/api/tickle,200|103ms
-> request: /v1/api/tickle
-> GET /v1/api/tickle,200|90ms
-> request: /v1/api/tickle
-> GET /v1/api/tickle,200|168ms
-> request: /sso/ping
-> GET /sso/ping,200|144ms
-> request: /v1/api/tickle
-> GET /v1/api/tickle,200|99ms
