-> GET /sso/Login?forwardTo=22&RL=1&ip2loc=US
<- 200 GET /sso/Login?forwardTo=22&RL=1&ip2loc=US
-> GET /css/bootstrap-5.2.2/bootstrap.min.css
-> GET /css/bootstrap-switch-3.3.2/bootstrap-switch.min.css
-> GET /css/reg-am/login.min.css
-> GET /css/fontawesome-6.4.2/all.min.css
-> GET /css/ibkr/theme-ibkr-portal.min.css
-> GET /scripts/common/js/jquery-3.7.0/jquery.min.js
<- 200 GET /css/fontawesome-6.4.2/all.min.css
<- 200 GET /css/bootstrap-switch-3.3.2/bootstrap-switch.min.css
-> GET /scripts/common/js/bootstrap-5.2.2/bootstrap.bundle.min.js
-> GET /sso/lib/xyz.bundle.min.js
<- 200 GET /css/reg-am/login.min.css
<- 200 GET /css/ibkr/theme-ibkr-portal.min.css
<- 200 GET /scripts/common/js/bootstrap-5.2.2/bootstrap.bundle.min.js
<- 200 GET /css/bootstrap-5.2.2/bootstrap.min.css
<- 200 GET /scripts/common/js/jquery-3.7.0/jquery.min.js
<- 200 GET /sso/lib/xyz.bundle.min.js
-> GET /images/common/logos/ibkr/interactive-brokers.svg
-> GET /fonts/proxima-nova/Proxima-Nova-Regular.woff2
-> GET /fonts/fontawesome-6.4.2/webfonts/fa-solid-900.woff2
-> GET /fonts/fontawesome-6.4.2/webfonts/fa-brands-400.woff2
-> POST /sso/report
-> POST /portal.proxy/v1/gstat/bulletins
<- 200 GET /fonts/fontawesome-6.4.2/webfonts/fa-brands-400.woff2
<- 200 GET /fonts/proxima-nova/Proxima-Nova-Regular.woff2
<- 200 GET /fonts/fontawesome-6.4.2/webfonts/fa-solid-900.woff2
-> GET /fonts/proxima-nova/Proxima-Nova-Semibold.woff2
<- 200 GET /images/common/logos/ibkr/interactive-brokers.svg
<- 200 POST /sso/report
<- 200 GET /fonts/proxima-nova/Proxima-Nova-Semibold.woff2
-> GET /images/web/favicons/home-screen-icon-128x128.png
<- 200 GET /images/web/favicons/home-screen-icon-128x128.png
<- 204 POST /portal.proxy/v1/gstat/bulletins
-> POST /sso/Authenticator
<- 200 POST /sso/Authenticator
-> POST /sso/Authenticator
<- 200 POST /sso/Authenticator
-> POST /sso/Authenticator
<- 200 POST /sso/Authenticator
-> POST /sso/Authenticator
<- 200 POST /sso/Authenticator
-> POST /sso/Dispatcher
<- 302 POST /sso/Dispatcher
-> request: /v1/api/sso/validate?gw=1
-> GET /v1/api/sso/validate?gw=1,200|513ms
-> request: /v1/api/one/user
-> request: /v1/api/ssodh/init
-> sso GET https://api.ibkr.com/v1/api/ssodh/init
-> GET /v1/api/one/user,200|209ms
-> request: /v1/api/ssodh/st
-> sso GET https://api.ibkr.com/v1/api/ssodh/st
-> request: /sso/Authenticator?ACTION=PUBLISH_TST&RESP_TYPE=JSON&DEVICE_ID=2ad9eb12|A8-8F-D9-39-7E-EE
-> sso GET https://api.ibkr.com/sso/Authenticator?ACTION=PUBLISH_TST&RESP_TYPE=JSON&DEVICE_ID=2ad9eb12|A8-8F-D9-39-7E-EE
<- 200 GET https://api.ibkr.com/sso/Authenticator?ACTION=PUBLISH_TST&RESP_TYPE=JSON&DEVICE_ID=2ad9eb12|A8-8F-D9-39-7E-EE 0
-> request: /v1/api/iserver/auth/status
-> GET /v1/api/iserver/auth/status,200|93ms
-> request: /v1/api/iserver/auth/ssodh/init
-> POST https://api.ibkr.com/v1/api/iserver/auth/ssodh/init,200|329ms
-> request: /v1/api/iserver/accounts
-> GET /v1/api/iserver/accounts,200|73ms
-> request: /v1/api/tickle
-> GET /v1/api/tickle,200|464ms
-> request: /v1/api/tickle
-> GET /v1/api/tickle,200|111ms
-> request: /v1/api/tickle
-> GET /v1/api/tickle,200|95ms
-> request: /v1/api/tickle
-> GET /v1/api/tickle,200|130ms
-> request: /v1/api/tickle
-> GET /v1/api/tickle,200|86ms
-> request: /v1/api/tickle
-> GET /v1/api/tickle,200|97ms
-> request: /v1/api/tickle
-> GET /v1/api/tickle,200|433ms
-> request: /v1/api/tickle
-> GET /v1/api/tickle,200|134ms
-> request: /v1/api/tickle
-> GET /v1/api/tickle,200|123ms
-> request: /sso/ping
-> GET /sso/ping,200|103ms
-> request: /v1/api/tickle
-> GET /v1/api/tickle,200|92ms
-> GET /v1/api/iserver/auth/status
<- 200 GET /v1/api/iserver/auth/status
-> GET /v1/api/portfolio/accounts
<- 200 GET /v1/api/portfolio/accounts
-> request: /v1/api/tickle
-> GET /v1/api/tickle,200|76ms
-> request: /v1/api/tickle
-> GET /v1/api/tickle,200|91ms
-> GET /v1/api/iserver/secdef/search?symbol=AAPL
<- 200 GET /v1/api/iserver/secdef/search?symbol=AAPL
-> request: /v1/api/tickle
-> GET /v1/api/tickle,200|338ms
-> GET /v1/api/iserver/marketdata/snapshot?conids=265598&fields=31,84,86
<- 200 GET /v1/api/iserver/marketdata/snapshot?conids=265598&fields=31,84,86
-> request: /v1/api/tickle
-> GET /v1/api/tickle,200|127ms
-> GET /v1/api/iserver/marketdata/snapshot?conids=265598&fields=31,84,86
<- 200 GET /v1/api/iserver/marketdata/snapshot?conids=265598&fields=31,84,86
-> GET /v1/api/iserver/marketdata/snapshot?conids=265598&fields=31,84,86
<- 200 GET /v1/api/iserver/marketdata/snapshot?conids=265598&fields=31,84,86
-> request: /v1/api/tickle
-> GET /v1/api/tickle,200|149ms
-> request: /v1/api/tickle
-> GET /v1/api/tickle,200|442ms
-> request: /v1/api/tickle
-> GET /v1/api/tickle,200|157ms
-> request: /v1/api/tickle
-> GET /v1/api/tickle,200|238ms
-> request: /v1/api/tickle
-> GET /v1/api/tickle,200|93ms
-> request: /sso/ping
-> GET /sso/ping,200|1248ms
-> request: /v1/api/tickle
-> GET /v1/api/tickle,200|143ms
-> request: /v1/api/tickle
-> GET /v1/api/tickle,200|132ms
-> request: /v1/api/tickle
-> GET /v1/api/tickle,200|123ms
-> request: /v1/api/tickle
-> GET /v1/api/tickle,200|91ms
-> request: /v1/api/tickle
-> GET /v1/api/tickle,200|100ms
-> request: /v1/api/tickle
-> GET /v1/api/tickle,200|99ms
-> request: /v1/api/tickle
-> GET /v1/api/tickle,200|757ms
-> request: /v1/api/tickle
-> GET /v1/api/portfolio/accounts
-> GET /v1/api/tickle,200|154ms
<- 200 GET /v1/api/portfolio/accounts
-> request: /v1/api/tickle
-> GET /v1/api/tickle,200|97ms
-> request: /v1/api/tickle
-> GET /v1/api/tickle,200|103ms
-> request: /sso/ping
-> GET /sso/ping,200|78ms
-> request: /v1/api/tickle
-> GET /v1/api/tickle,200|261ms
-> request: /v1/api/tickle
-> GET /v1/api/tickle,200|83ms
-> request: /v1/api/tickle
-> GET /v1/api/tickle,200|168ms
-> request: /v1/api/tickle
-> GET /v1/api/tickle,200|132ms
-> request: /v1/api/tickle
-> GET /v1/api/tickle,200|215ms
-> request: /v1/api/tickle
-> GET /v1/api/tickle,200|163ms
-> request: /v1/api/tickle
-> GET /v1/api/tickle,200|87ms
-> request: /v1/api/tickle
-> GET /v1/api/tickle,200|84ms
-> request: /v1/api/tickle
-> GET /v1/api/tickle,200|89ms
-> request: /v1/api/tickle
-> GET /v1/api/tickle,200|111ms
-> request: /sso/ping
-> GET /sso/ping,200|103ms
-> request: /v1/api/tickle
-> GET /v1/api/tickle,200|428ms
-> request: /v1/api/tickle
-> GET /v1/api/tickle,200|161ms
-> request: /v1/api/tickle
-> GET /v1/api/tickle,200|115ms
-> request: /v1/api/tickle
-> GET /v1/api/tickle,200|102ms
-> request: /v1/api/tickle
-> GET /v1/api/tickle,200|231ms
-> request: /v1/api/tickle
-> GET /v1/api/tickle,200|89ms
-> request: /v1/api/tickle
-> GET /v1/api/tickle,200|109ms
-> request: /v1/api/tickle
-> GET /v1/api/tickle,200|135ms
-> request: /v1/api/tickle
-> GET /v1/api/tickle,200|272ms
-> request: /v1/api/tickle
-> GET /v1/api/tickle,200|87ms
-> request: /sso/ping
-> GET /sso/ping,200|97ms
-> request: /v1/api/tickle
-> GET /v1/api/tickle,200|1175ms
-> request: /v1/api/tickle
-> GET /v1/api/tickle,200|466ms
-> request: /v1/api/tickle
-> GET /v1/api/tickle,200|95ms
-> request: /v1/api/tickle
-> GET /v1/api/tickle,200|82ms
-> request: /v1/api/tickle
-> GET /v1/api/tickle,200|102ms
-> GET /sso/Login?forwardTo=22&RL=1&ip2loc=US
<- 200 GET /sso/Login?forwardTo=22&RL=1&ip2loc=US
-> GET /css/bootstrap-5.2.2/bootstrap.min.css
-> GET /css/reg-am/login.min.css
-> GET /css/ibkr/theme-ibkr-portal.min.css
-> GET /css/fontawesome-6.4.2/all.min.css
-> GET /css/bootstrap-switch-3.3.2/bootstrap-switch.min.css
-> GET /scripts/common/js/jquery-3.7.0/jquery.min.js
<- 200 GET /css/reg-am/login.min.css
<- 200 GET /css/bootstrap-5.2.2/bootstrap.min.css
<- 200 GET /css/bootstrap-switch-3.3.2/bootstrap-switch.min.css
-> GET /scripts/common/js/bootstrap-5.2.2/bootstrap.bundle.min.js
-> GET /sso/lib/xyz.bundle.min.js
<- 200 GET /css/ibkr/theme-ibkr-portal.min.css
<- 200 GET /css/fontawesome-6.4.2/all.min.css
<- 200 GET /scripts/common/js/bootstrap-5.2.2/bootstrap.bundle.min.js
<- 200 GET /scripts/common/js/jquery-3.7.0/jquery.min.js
<- 200 GET /sso/lib/xyz.bundle.min.js
-> GET /images/common/logos/ibkr/interactive-brokers.svg
-> GET /fonts/proxima-nova/Proxima-Nova-Regular.woff2
-> GET /fonts/fontawesome-6.4.2/webfonts/fa-brands-400.woff2
-> GET /fonts/proxima-nova/Proxima-Nova-Semibold.woff2
-> GET /fonts/fontawesome-6.4.2/webfonts/fa-solid-900.woff2
<- 200 GET /images/common/logos/ibkr/interactive-brokers.svg
-> POST /sso/report
-> POST /portal.proxy/v1/gstat/bulletins
<- 200 GET /fonts/proxima-nova/Proxima-Nova-Semibold.woff2
<- 200 GET /fonts/proxima-nova/Proxima-Nova-Regular.woff2
<- 200 GET /fonts/fontawesome-6.4.2/webfonts/fa-brands-400.woff2
<- 200 GET /fonts/fontawesome-6.4.2/webfonts/fa-solid-900.woff2
<- 200 POST /sso/report
<- 204 POST /portal.proxy/v1/gstat/bulletins
-> request: /v1/api/tickle
-> GET /v1/api/tickle,200|93ms
-> request: /v1/api/tickle
-> GET /v1/api/tickle,200|105ms
-> request: /v1/api/tickle
-> GET /v1/api/tickle,200|94ms
-> request: /v1/api/tickle
-> GET /v1/api/tickle,200|110ms
-> POST /sso/Authenticator
<- 200 POST /sso/Authenticator
-> POST /sso/Authenticator
<- 200 POST /sso/Authenticator
-> GET /images/common/logos/ibkr/interactive-brokers-inverse.svg
<- 200 GET /images/common/logos/ibkr/interactive-brokers-inverse.svg
-> request: /v1/api/tickle
-> GET /v1/api/tickle,200|88ms
-> POST /sso/Authenticator
<- 200 POST /sso/Authenticator
-> POST /sso/Authenticator
<- 200 POST /sso/Authenticator
-> request: /sso/ping
-> GET /sso/ping,200|133ms
-> request: /v1/api/tickle
-> GET /v1/api/tickle,200|83ms
-> request: /v1/api/tickle
-> GET /v1/api/tickle,401|229ms
-> request: /v1/api/sso/validate?gw=1
-> GET /v1/api/sso/validate?gw=1,401|434ms
-> request: /v1/api/sso/validate?gw=1
-> GET /v1/api/sso/validate?gw=1,401|104ms
-> request: /v1/api/sso/validate?gw=1
-> GET /v1/api/sso/validate?gw=1,401|220ms
-> request: /v1/api/sso/validate?gw=1
-> GET /v1/api/sso/validate?gw=1,401|102ms
-> request: /v1/api/sso/validate?gw=1
-> GET /v1/api/sso/validate?gw=1,401|202ms
-> POST /sso/Authenticator
<- 200 POST /sso/Authenticator
-> POST /sso/Authenticator
<- 200 POST /sso/Authenticator
-> POST /sso/Authenticator
<- 200 POST /sso/Authenticator
-> POST /sso/Authenticator
<- 200 POST /sso/Authenticator
-> POST /sso/Authenticator
<- 200 POST /sso/Authenticator
-> POST /sso/Authenticator
<- 200 POST /sso/Authenticator
-> request: /sso/ping
-> GET /sso/ping,200|112ms
-> GET /images/common/logos/ibkr/interactive-brokers.svg
<- 200 GET /images/common/logos/ibkr/interactive-brokers.svg
-> POST /sso/Authenticator
<- 200 POST /sso/Authenticator
-> POST /sso/Authenticator
<- 200 POST /sso/Authenticator
-> POST /sso/Authenticator
<- 200 POST /sso/Authenticator
-> POST /sso/Authenticator
<- 200 POST /sso/Authenticator
-> request: /sso/ping
-> GET /sso/ping,200|92ms
-> POST /sso/Authenticator
<- 200 POST /sso/Authenticator
-> POST /sso/Authenticator
<- 200 POST /sso/Authenticator
-> request: /sso/ping
-> GET /sso/ping,200|105ms
-> request: /sso/ping
-> GET /sso/ping,200|127ms
-> request: /sso/ping
-> GET /sso/ping,200|98ms
-> request: /sso/ping
-> GET /sso/ping,200|104ms
